2015-11-25 22:52:06: -- Analysis Started by User
2015-11-25 22:52:06: Слева: State file does not exist: C:/Users/Osipov Valentin/Desktop/Новая папка/_gsdata_/_file_state_v4._gs
2015-11-25 22:52:06: Справа: State file does not exist: ftp://apart72.serv02.cdscompany.ru/bitrix/templates/_gsdata_/_file_state_v4._gs
2015-11-25 22:52:38: Изменений: 640, Конфликтов: 0, Копий Времени: 0, Копий Состояния: 0/0, Ошибок: 0, All: 644
2015-11-25 22:52:38: Right to Left: Copy File: 640 
2015-11-25 22:52:38: ----- Анализ завершён. Время 00:00:32, Скорость: 20 файлов/сек -----
2015-11-25 22:52:38: 
2015-11-25 22:53:31: New _gsdata_ folder(s) created, so rescan all job folders for their ghosts
2015-11-25 22:53:31: == Sync Started by User
2015-11-25 22:53:32: Создана Папка 'C:/Users/Osipov Valentin/Desktop/Новая папка/.default'
2015-11-25 22:53:32: Создана Папка 'C:/Users/Osipov Valentin/Desktop/Новая папка/.default/ajax'
2015-11-25 22:53:32: Создана Папка 'C:/Users/Osipov Valentin/Desktop/Новая папка/.default/ajax/images'
2015-11-25 22:53:32: Создана Папка 'C:/Users/Osipov Valentin/Desktop/Новая папка/.default/components'
2015-11-25 22:53:32: Создана Папка 'C:/Users/Osipov Valentin/Desktop/Новая папка/.default/components/bitrix'
2015-11-25 22:53:32: Создана Папка 'C:/Users/Osipov Valentin/Desktop/Новая папка/.default/lang'
2015-11-25 22:53:32: Создана Папка 'C:/Users/Osipov Valentin/Desktop/Новая папка/.default/lang/en'
2015-11-25 22:53:32: Создана Папка 'C:/Users/Osipov Valentin/Desktop/Новая папка/.default/lang/en/page_templates'
2015-11-25 22:53:32: Создана Папка 'C:/Users/Osipov Valentin/Desktop/Новая папка/.default/lang/ru'
2015-11-25 22:53:32: Создана Папка 'C:/Users/Osipov Valentin/Desktop/Новая папка/.default/lang/ru/page_templates'
2015-11-25 22:53:32: Создана Папка 'C:/Users/Osipov Valentin/Desktop/Новая папка/.default/page_templates'
2015-11-25 22:53:32: Создана Папка 'C:/Users/Osipov Valentin/Desktop/Новая папка/main'
2015-11-25 22:53:32: Создана Папка 'C:/Users/Osipov Valentin/Desktop/Новая папка/main/components'
2015-11-25 22:53:32: Создана Папка 'C:/Users/Osipov Valentin/Desktop/Новая папка/main/components/bitrix'
2015-11-25 22:53:32: Создана Папка 'C:/Users/Osipov Valentin/Desktop/Новая папка/main/components/bitrix/catalog.section.list'
2015-11-25 22:53:32: Создана Папка 'C:/Users/Osipov Valentin/Desktop/Новая папка/main/components/bitrix/catalog.section.list/flat-menu'
2015-11-25 22:53:32: Создана Папка 'C:/Users/Osipov Valentin/Desktop/Новая папка/main/components/bitrix/catalog.section.list/flat-menu/images'
2015-11-25 22:53:32: Создана Папка 'C:/Users/Osipov Valentin/Desktop/Новая папка/main/components/bitrix/catalog.section.list/flat-menu/lang'
2015-11-25 22:53:32: Создана Папка 'C:/Users/Osipov Valentin/Desktop/Новая папка/main/components/bitrix/catalog.section.list/flat-menu/lang/en'
2015-11-25 22:53:32: Создана Папка 'C:/Users/Osipov Valentin/Desktop/Новая папка/main/components/bitrix/catalog.section.list/flat-menu/lang/ru'
2015-11-25 22:53:32: Создана Папка 'C:/Users/Osipov Valentin/Desktop/Новая папка/main/components/bitrix/iblock.element.add.form'
2015-11-25 22:53:32: Создана Папка 'C:/Users/Osipov Valentin/Desktop/Новая папка/main/components/bitrix/iblock.element.add.form/comment-form'
2015-11-25 22:53:32: Создана Папка 'C:/Users/Osipov Valentin/Desktop/Новая папка/main/components/bitrix/iblock.element.add.form/comment-form/lang'
2015-11-25 22:53:32: Создана Папка 'C:/Users/Osipov Valentin/Desktop/Новая папка/main/components/bitrix/iblock.element.add.form/comment-form/lang/en'
2015-11-25 22:53:32: Создана Папка 'C:/Users/Osipov Valentin/Desktop/Новая папка/main/components/bitrix/iblock.element.add.form/comment-form/lang/ru'
2015-11-25 22:53:32: Создана Папка 'C:/Users/Osipov Valentin/Desktop/Новая папка/main/components/bitrix/menu'
2015-11-25 22:53:32: Создана Папка 'C:/Users/Osipov Valentin/Desktop/Новая папка/main/components/bitrix/menu/primary-menu'
2015-11-25 22:53:32: Создана Папка 'C:/Users/Osipov Valentin/Desktop/Новая папка/main/components/bitrix/menu/primary-menu/images'
2015-11-25 22:53:32: Создана Папка 'C:/Users/Osipov Valentin/Desktop/Новая папка/main/components/bitrix/menu/primary-menu/lang'
2015-11-25 22:53:32: Создана Папка 'C:/Users/Osipov Valentin/Desktop/Новая папка/main/components/bitrix/menu/primary-menu/lang/en'
2015-11-25 22:53:32: Создана Папка 'C:/Users/Osipov Valentin/Desktop/Новая папка/main/components/bitrix/menu/primary-menu/lang/ru'
2015-11-25 22:53:32: Создана Папка 'C:/Users/Osipov Valentin/Desktop/Новая папка/main/components/bitrix/news'
2015-11-25 22:53:32: Создана Папка 'C:/Users/Osipov Valentin/Desktop/Новая папка/main/components/bitrix/news/flats'
2015-11-25 22:53:32: Создана Папка 'C:/Users/Osipov Valentin/Desktop/Новая папка/main/components/bitrix/news/flats/bitrix'
2015-11-25 22:53:32: Создана Папка 'C:/Users/Osipov Valentin/Desktop/Новая папка/main/components/bitrix/news/flats/bitrix/catalog.filter'
2015-11-25 22:53:32: Создана Папка 'C:/Users/Osipov Valentin/Desktop/Новая папка/main/components/bitrix/news/flats/bitrix/catalog.filter/.default'
2015-11-25 22:53:32: Создана Папка 'C:/Users/Osipov Valentin/Desktop/Новая папка/main/components/bitrix/news/flats/bitrix/catalog.filter/.default/lang'
2015-11-25 22:53:32: Создана Папка 'C:/Users/Osipov Valentin/Desktop/Новая папка/main/components/bitrix/news/flats/bitrix/catalog.filter/.default/lang/en'
2015-11-25 22:53:32: Создана Папка 'C:/Users/Osipov Valentin/Desktop/Новая папка/main/components/bitrix/news/flats/bitrix/catalog.filter/.default/lang/ru'
2015-11-25 22:53:32: Создана Папка 'C:/Users/Osipov Valentin/Desktop/Новая папка/main/components/bitrix/news/flats/bitrix/forum.topic.reviews'
2015-11-25 22:53:32: Создана Папка 'C:/Users/Osipov Valentin/Desktop/Новая папка/main/components/bitrix/news/flats/bitrix/forum.topic.reviews/.default'
2015-11-25 22:53:32: Создана Папка 'C:/Users/Osipov Valentin/Desktop/Новая папка/main/components/bitrix/news/flats/bitrix/forum.topic.reviews/.default/bitrix'
2015-11-25 22:53:32: Создана Папка 'C:/Users/Osipov Valentin/Desktop/Новая папка/main/components/bitrix/news/flats/bitrix/forum.topic.reviews/.default/bitrix/rating.vote'
2015-11-25 22:53:32: Создана Папка 'C:/Users/Osipov Valentin/Desktop/Новая папка/main/components/bitrix/news/flats/bitrix/forum.topic.reviews/.default/images'
2015-11-25 22:53:32: Создана Папка 'C:/Users/Osipov Valentin/Desktop/Новая папка/main/components/bitrix/news/flats/bitrix/forum.topic.reviews/.default/images/postform'
2015-11-25 22:53:32: Создана Папка 'C:/Users/Osipov Valentin/Desktop/Новая папка/main/components/bitrix/news/flats/bitrix/forum.topic.reviews/.default/lang'
2015-11-25 22:53:32: Создана Папка 'C:/Users/Osipov Valentin/Desktop/Новая папка/main/components/bitrix/news/flats/bitrix/forum.topic.reviews/.default/lang/en'
2015-11-25 22:53:32: Создана Папка 'C:/Users/Osipov Valentin/Desktop/Новая папка/main/components/bitrix/news/flats/bitrix/forum.topic.reviews/.default/lang/ru'
2015-11-25 22:53:32: Создана Папка 'C:/Users/Osipov Valentin/Desktop/Новая папка/main/components/bitrix/news/flats/bitrix/forum.topic.reviews/.default/ru'
2015-11-25 22:53:32: Создана Папка 'C:/Users/Osipov Valentin/Desktop/Новая папка/main/components/bitrix/news/flats/bitrix/iblock.vote'
2015-11-25 22:53:32: Создана Папка 'C:/Users/Osipov Valentin/Desktop/Новая папка/main/components/bitrix/news/flats/bitrix/iblock.vote/.default'
2015-11-25 22:53:32: Создана Папка 'C:/Users/Osipov Valentin/Desktop/Новая папка/main/components/bitrix/news/flats/bitrix/iblock.vote/.default/lang'
2015-11-25 22:53:32: Создана Папка 'C:/Users/Osipov Valentin/Desktop/Новая папка/main/components/bitrix/news/flats/bitrix/iblock.vote/.default/lang/en'
2015-11-25 22:53:32: Создана Папка 'C:/Users/Osipov Valentin/Desktop/Новая папка/main/components/bitrix/news/flats/bitrix/iblock.vote/.default/lang/ru'
2015-11-25 22:53:32: Создана Папка 'C:/Users/Osipov Valentin/Desktop/Новая папка/main/components/bitrix/news/flats/bitrix/iblock.vote/ajax'
2015-11-25 22:53:32: Создана Папка 'C:/Users/Osipov Valentin/Desktop/Новая папка/main/components/bitrix/news/flats/bitrix/iblock.vote/ajax/images'
2015-11-25 22:53:32: Создана Папка 'C:/Users/Osipov Valentin/Desktop/Новая папка/main/components/bitrix/news/flats/bitrix/iblock.vote/ajax/lang'
2015-11-25 22:53:32: Создана Папка 'C:/Users/Osipov Valentin/Desktop/Новая папка/main/components/bitrix/news/flats/bitrix/iblock.vote/ajax/lang/en'
2015-11-25 22:53:32: Создана Папка 'C:/Users/Osipov Valentin/Desktop/Новая папка/main/components/bitrix/news/flats/bitrix/iblock.vote/ajax/lang/ru'
2015-11-25 22:53:32: Создана Папка 'C:/Users/Osipov Valentin/Desktop/Новая папка/main/components/bitrix/news/flats/bitrix/news.detail'
2015-11-25 22:53:32: Создана Папка 'C:/Users/Osipov Valentin/Desktop/Новая папка/main/components/bitrix/news/flats/bitrix/news.detail/.default'
2015-11-25 22:53:32: Создана Папка 'C:/Users/Osipov Valentin/Desktop/Новая папка/main/components/bitrix/news/flats/bitrix/news.detail/.default/lang'
2015-11-25 22:53:32: Создана Папка 'C:/Users/Osipov Valentin/Desktop/Новая папка/main/components/bitrix/news/flats/bitrix/news.detail/.default/lang/en'
2015-11-25 22:53:32: Создана Папка 'C:/Users/Osipov Valentin/Desktop/Новая папка/main/components/bitrix/news/flats/bitrix/news.detail/.default/lang/ru'
2015-11-25 22:53:32: Создана Папка 'C:/Users/Osipov Valentin/Desktop/Новая папка/main/components/bitrix/news/flats/bitrix/news.index'
2015-11-25 22:53:32: Создана Папка 'C:/Users/Osipov Valentin/Desktop/Новая папка/main/components/bitrix/news/flats/bitrix/news.index/.default'
2015-11-25 22:53:32: Создана Папка 'C:/Users/Osipov Valentin/Desktop/Новая папка/main/components/bitrix/news/flats/bitrix/news.list'
2015-11-25 22:53:32: Создана Папка 'C:/Users/Osipov Valentin/Desktop/Новая папка/main/components/bitrix/news/flats/bitrix/news.list/.default'
2015-11-25 22:53:32: Создана Папка 'C:/Users/Osipov Valentin/Desktop/Новая папка/main/components/bitrix/news/flats/bitrix/news.list/.default/lang'
2015-11-25 22:53:32: Создана Папка 'C:/Users/Osipov Valentin/Desktop/Новая папка/main/components/bitrix/news/flats/bitrix/news.list/.default/lang/en'
2015-11-25 22:53:32: Создана Папка 'C:/Users/Osipov Valentin/Desktop/Новая папка/main/components/bitrix/news/flats/bitrix/news.list/.default/lang/ru'
2015-11-25 22:53:32: Создана Папка 'C:/Users/Osipov Valentin/Desktop/Новая папка/main/components/bitrix/news/flats/bitrix/news.list/list'
2015-11-25 22:53:32: Создана Папка 'C:/Users/Osipov Valentin/Desktop/Новая папка/main/components/bitrix/news/flats/bitrix/news.list/photo'
2015-11-25 22:53:32: Создана Папка 'C:/Users/Osipov Valentin/Desktop/Новая папка/main/components/bitrix/news/flats/bitrix/rss.out'
2015-11-25 22:53:32: Создана Папка 'C:/Users/Osipov Valentin/Desktop/Новая папка/main/components/bitrix/news/flats/bitrix/rss.out/.default'
2015-11-25 22:53:32: Создана Папка 'C:/Users/Osipov Valentin/Desktop/Новая папка/main/components/bitrix/news/flats/bitrix/rss.out/.default/lang'
2015-11-25 22:53:32: Создана Папка 'C:/Users/Osipov Valentin/Desktop/Новая папка/main/components/bitrix/news/flats/bitrix/rss.out/.default/lang/en'
2015-11-25 22:53:32: Создана Папка 'C:/Users/Osipov Valentin/Desktop/Новая папка/main/components/bitrix/news/flats/bitrix/rss.out/.default/lang/ru'
2015-11-25 22:53:32: Создана Папка 'C:/Users/Osipov Valentin/Desktop/Новая папка/main/components/bitrix/news/flats/bitrix/search.form'
2015-11-25 22:53:32: Создана Папка 'C:/Users/Osipov Valentin/Desktop/Новая папка/main/components/bitrix/news/flats/bitrix/search.form/flat'
2015-11-25 22:53:32: Создана Папка 'C:/Users/Osipov Valentin/Desktop/Новая папка/main/components/bitrix/news/flats/bitrix/search.form/flat/lang'
2015-11-25 22:53:32: Создана Папка 'C:/Users/Osipov Valentin/Desktop/Новая папка/main/components/bitrix/news/flats/bitrix/search.form/flat/lang/en'
2015-11-25 22:53:32: Создана Папка 'C:/Users/Osipov Valentin/Desktop/Новая папка/main/components/bitrix/news/flats/bitrix/search.form/flat/lang/ru'
2015-11-25 22:53:32: Создана Папка 'C:/Users/Osipov Valentin/Desktop/Новая папка/main/components/bitrix/news/flats/bitrix/search.page'
2015-11-25 22:53:32: Создана Папка 'C:/Users/Osipov Valentin/Desktop/Новая папка/main/components/bitrix/news/flats/bitrix/search.page/.default'
2015-11-25 22:53:32: Создана Папка 'C:/Users/Osipov Valentin/Desktop/Новая папка/main/components/bitrix/news/flats/bitrix/search.page/.default/lang'
2015-11-25 22:53:32: Создана Папка 'C:/Users/Osipov Valentin/Desktop/Новая папка/main/components/bitrix/news/flats/bitrix/search.page/.default/lang/en'
2015-11-25 22:53:32: Создана Папка 'C:/Users/Osipov Valentin/Desktop/Новая папка/main/components/bitrix/news/flats/bitrix/search.page/.default/lang/ru'
2015-11-25 22:53:32: Создана Папка 'C:/Users/Osipov Valentin/Desktop/Новая папка/main/components/bitrix/news/flats/images'
2015-11-25 22:53:32: Создана Папка 'C:/Users/Osipov Valentin/Desktop/Новая папка/main/components/bitrix/news/flats/images/gif-dark'
2015-11-25 22:53:32: Создана Папка 'C:/Users/Osipov Valentin/Desktop/Новая папка/main/components/bitrix/news/flats/images/gif-light'
2015-11-25 22:53:32: Создана Папка 'C:/Users/Osipov Valentin/Desktop/Новая папка/main/components/bitrix/news/flats/images/jpg-black'
2015-11-25 22:53:32: Создана Папка 'C:/Users/Osipov Valentin/Desktop/Новая папка/main/components/bitrix/news/flats/images/jpg-white'
2015-11-25 22:53:32: Создана Папка 'C:/Users/Osipov Valentin/Desktop/Новая папка/main/components/bitrix/news/flats/images/png'
2015-11-25 22:53:32: Создана Папка 'C:/Users/Osipov Valentin/Desktop/Новая папка/main/components/bitrix/news/flats/lang'
2015-11-25 22:53:32: Создана Папка 'C:/Users/Osipov Valentin/Desktop/Новая папка/main/components/bitrix/news/flats/lang/en'
2015-11-25 22:53:32: Создана Папка 'C:/Users/Osipov Valentin/Desktop/Новая папка/main/components/bitrix/news/flats/lang/ru'
2015-11-25 22:53:32: Создана Папка 'C:/Users/Osipov Valentin/Desktop/Новая папка/main/components/bitrix/news/news-section'
2015-11-25 22:53:32: Создана Папка 'C:/Users/Osipov Valentin/Desktop/Новая папка/main/components/bitrix/news/news-section/bitrix'
2015-11-25 22:53:32: Создана Папка 'C:/Users/Osipov Valentin/Desktop/Новая папка/main/components/bitrix/news/news-section/bitrix/catalog.filter'
2015-11-25 22:53:32: Создана Папка 'C:/Users/Osipov Valentin/Desktop/Новая папка/main/components/bitrix/news/news-section/bitrix/catalog.filter/.default'
2015-11-25 22:53:32: Создана Папка 'C:/Users/Osipov Valentin/Desktop/Новая папка/main/components/bitrix/news/news-section/bitrix/catalog.filter/.default/lang'
2015-11-25 22:53:32: Создана Папка 'C:/Users/Osipov Valentin/Desktop/Новая папка/main/components/bitrix/news/news-section/bitrix/catalog.filter/.default/lang/en'
2015-11-25 22:53:32: Создана Папка 'C:/Users/Osipov Valentin/Desktop/Новая папка/main/components/bitrix/news/news-section/bitrix/catalog.filter/.default/lang/ru'
2015-11-25 22:53:32: Создана Папка 'C:/Users/Osipov Valentin/Desktop/Новая папка/main/components/bitrix/news/news-section/bitrix/forum.topic.reviews'
2015-11-25 22:53:32: Создана Папка 'C:/Users/Osipov Valentin/Desktop/Новая папка/main/components/bitrix/news/news-section/bitrix/forum.topic.reviews/.default'
2015-11-25 22:53:32: Создана Папка 'C:/Users/Osipov Valentin/Desktop/Новая папка/main/components/bitrix/news/news-section/bitrix/forum.topic.reviews/.default/bitrix'
2015-11-25 22:53:32: Создана Папка 'C:/Users/Osipov Valentin/Desktop/Новая папка/main/components/bitrix/news/news-section/bitrix/forum.topic.reviews/.default/bitrix/rating.vote'
2015-11-25 22:53:32: Создана Папка 'C:/Users/Osipov Valentin/Desktop/Новая папка/main/components/bitrix/news/news-section/bitrix/forum.topic.reviews/.default/images'
2015-11-25 22:53:32: Создана Папка 'C:/Users/Osipov Valentin/Desktop/Новая папка/main/components/bitrix/news/news-section/bitrix/forum.topic.reviews/.default/images/postform'
2015-11-25 22:53:32: Создана Папка 'C:/Users/Osipov Valentin/Desktop/Новая папка/main/components/bitrix/news/news-section/bitrix/forum.topic.reviews/.default/lang'
2015-11-25 22:53:32: Создана Папка 'C:/Users/Osipov Valentin/Desktop/Новая папка/main/components/bitrix/news/news-section/bitrix/forum.topic.reviews/.default/lang/en'
2015-11-25 22:53:32: Создана Папка 'C:/Users/Osipov Valentin/Desktop/Новая папка/main/components/bitrix/news/news-section/bitrix/forum.topic.reviews/.default/lang/ru'
2015-11-25 22:53:32: Создана Папка 'C:/Users/Osipov Valentin/Desktop/Новая папка/main/components/bitrix/news/news-section/bitrix/forum.topic.reviews/.default/ru'
2015-11-25 22:53:32: Создана Папка 'C:/Users/Osipov Valentin/Desktop/Новая папка/main/components/bitrix/news/news-section/bitrix/iblock.vote'
2015-11-25 22:53:32: Создана Папка 'C:/Users/Osipov Valentin/Desktop/Новая папка/main/components/bitrix/news/news-section/bitrix/iblock.vote/.default'
2015-11-25 22:53:32: Создана Папка 'C:/Users/Osipov Valentin/Desktop/Новая папка/main/components/bitrix/news/news-section/bitrix/iblock.vote/.default/lang'
2015-11-25 22:53:32: Создана Папка 'C:/Users/Osipov Valentin/Desktop/Новая папка/main/components/bitrix/news/news-section/bitrix/iblock.vote/.default/lang/en'
2015-11-25 22:53:32: Создана Папка 'C:/Users/Osipov Valentin/Desktop/Новая папка/main/components/bitrix/news/news-section/bitrix/iblock.vote/.default/lang/ru'
2015-11-25 22:53:32: Создана Папка 'C:/Users/Osipov Valentin/Desktop/Новая папка/main/components/bitrix/news/news-section/bitrix/iblock.vote/ajax'
2015-11-25 22:53:32: Создана Папка 'C:/Users/Osipov Valentin/Desktop/Новая папка/main/components/bitrix/news/news-section/bitrix/iblock.vote/ajax/images'
2015-11-25 22:53:32: Создана Папка 'C:/Users/Osipov Valentin/Desktop/Новая папка/main/components/bitrix/news/news-section/bitrix/iblock.vote/ajax/lang'
2015-11-25 22:53:32: Создана Папка 'C:/Users/Osipov Valentin/Desktop/Новая папка/main/components/bitrix/news/news-section/bitrix/iblock.vote/ajax/lang/en'
2015-11-25 22:53:32: Создана Папка 'C:/Users/Osipov Valentin/Desktop/Новая папка/main/components/bitrix/news/news-section/bitrix/iblock.vote/ajax/lang/ru'
2015-11-25 22:53:32: Создана Папка 'C:/Users/Osipov Valentin/Desktop/Новая папка/main/components/bitrix/news/news-section/bitrix/news.detail'
2015-11-25 22:53:32: Создана Папка 'C:/Users/Osipov Valentin/Desktop/Новая папка/main/components/bitrix/news/news-section/bitrix/news.detail/.default'
2015-11-25 22:53:32: Создана Папка 'C:/Users/Osipov Valentin/Desktop/Новая папка/main/components/bitrix/news/news-section/bitrix/news.detail/.default/lang'
2015-11-25 22:53:32: Создана Папка 'C:/Users/Osipov Valentin/Desktop/Новая папка/main/components/bitrix/news/news-section/bitrix/news.detail/.default/lang/en'
2015-11-25 22:53:32: Создана Папка 'C:/Users/Osipov Valentin/Desktop/Новая папка/main/components/bitrix/news/news-section/bitrix/news.detail/.default/lang/ru'
2015-11-25 22:53:32: Создана Папка 'C:/Users/Osipov Valentin/Desktop/Новая папка/main/components/bitrix/news/news-section/bitrix/news.index'
2015-11-25 22:53:32: Создана Папка 'C:/Users/Osipov Valentin/Desktop/Новая папка/main/components/bitrix/news/news-section/bitrix/news.index/.default'
2015-11-25 22:53:32: Создана Папка 'C:/Users/Osipov Valentin/Desktop/Новая папка/main/components/bitrix/news/news-section/bitrix/news.list'
2015-11-25 22:53:32: Создана Папка 'C:/Users/Osipov Valentin/Desktop/Новая папка/main/components/bitrix/news/news-section/bitrix/news.list/.default'
2015-11-25 22:53:32: Создана Папка 'C:/Users/Osipov Valentin/Desktop/Новая папка/main/components/bitrix/news/news-section/bitrix/news.list/.default/lang'
2015-11-25 22:53:32: Создана Папка 'C:/Users/Osipov Valentin/Desktop/Новая папка/main/components/bitrix/news/news-section/bitrix/news.list/.default/lang/en'
2015-11-25 22:53:32: Создана Папка 'C:/Users/Osipov Valentin/Desktop/Новая папка/main/components/bitrix/news/news-section/bitrix/news.list/.default/lang/ru'
2015-11-25 22:53:32: Создана Папка 'C:/Users/Osipov Valentin/Desktop/Новая папка/main/components/bitrix/news/news-section/bitrix/news.list/list'
2015-11-25 22:53:32: Создана Папка 'C:/Users/Osipov Valentin/Desktop/Новая папка/main/components/bitrix/news/news-section/bitrix/news.list/photo'
2015-11-25 22:53:32: Создана Папка 'C:/Users/Osipov Valentin/Desktop/Новая папка/main/components/bitrix/news/news-section/bitrix/rss.out'
2015-11-25 22:53:32: Создана Папка 'C:/Users/Osipov Valentin/Desktop/Новая папка/main/components/bitrix/news/news-section/bitrix/rss.out/.default'
2015-11-25 22:53:32: Создана Папка 'C:/Users/Osipov Valentin/Desktop/Новая папка/main/components/bitrix/news/news-section/bitrix/rss.out/.default/lang'
2015-11-25 22:53:32: Создана Папка 'C:/Users/Osipov Valentin/Desktop/Новая папка/main/components/bitrix/news/news-section/bitrix/rss.out/.default/lang/en'
2015-11-25 22:53:32: Создана Папка 'C:/Users/Osipov Valentin/Desktop/Новая папка/main/components/bitrix/news/news-section/bitrix/rss.out/.default/lang/ru'
2015-11-25 22:53:32: Создана Папка 'C:/Users/Osipov Valentin/Desktop/Новая папка/main/components/bitrix/news/news-section/bitrix/search.form'
2015-11-25 22:53:32: Создана Папка 'C:/Users/Osipov Valentin/Desktop/Новая папка/main/components/bitrix/news/news-section/bitrix/search.form/flat'
2015-11-25 22:53:32: Создана Папка 'C:/Users/Osipov Valentin/Desktop/Новая папка/main/components/bitrix/news/news-section/bitrix/search.form/flat/lang'
2015-11-25 22:53:32: Создана Папка 'C:/Users/Osipov Valentin/Desktop/Новая папка/main/components/bitrix/news/news-section/bitrix/search.form/flat/lang/en'
2015-11-25 22:53:32: Создана Папка 'C:/Users/Osipov Valentin/Desktop/Новая папка/main/components/bitrix/news/news-section/bitrix/search.form/flat/lang/ru'
2015-11-25 22:53:32: Создана Папка 'C:/Users/Osipov Valentin/Desktop/Новая папка/main/components/bitrix/news/news-section/bitrix/search.page'
2015-11-25 22:53:32: Создана Папка 'C:/Users/Osipov Valentin/Desktop/Новая папка/main/components/bitrix/news/news-section/bitrix/search.page/.default'
2015-11-25 22:53:32: Создана Папка 'C:/Users/Osipov Valentin/Desktop/Новая папка/main/components/bitrix/news/news-section/bitrix/search.page/.default/lang'
2015-11-25 22:53:32: Создана Папка 'C:/Users/Osipov Valentin/Desktop/Новая папка/main/components/bitrix/news/news-section/bitrix/search.page/.default/lang/en'
2015-11-25 22:53:32: Создана Папка 'C:/Users/Osipov Valentin/Desktop/Новая папка/main/components/bitrix/news/news-section/bitrix/search.page/.default/lang/ru'
2015-11-25 22:53:32: Создана Папка 'C:/Users/Osipov Valentin/Desktop/Новая папка/main/components/bitrix/news/news-section/images'
2015-11-25 22:53:32: Создана Папка 'C:/Users/Osipov Valentin/Desktop/Новая папка/main/components/bitrix/news/news-section/images/gif-dark'
2015-11-25 22:53:32: Создана Папка 'C:/Users/Osipov Valentin/Desktop/Новая папка/main/components/bitrix/news/news-section/images/gif-light'
2015-11-25 22:53:32: Создана Папка 'C:/Users/Osipov Valentin/Desktop/Новая папка/main/components/bitrix/news/news-section/images/jpg-black'
2015-11-25 22:53:32: Создана Папка 'C:/Users/Osipov Valentin/Desktop/Новая папка/main/components/bitrix/news/news-section/images/jpg-white'
2015-11-25 22:53:32: Создана Папка 'C:/Users/Osipov Valentin/Desktop/Новая папка/main/components/bitrix/news/news-section/images/png'
2015-11-25 22:53:32: Создана Папка 'C:/Users/Osipov Valentin/Desktop/Новая папка/main/components/bitrix/news/news-section/lang'
2015-11-25 22:53:32: Создана Папка 'C:/Users/Osipov Valentin/Desktop/Новая папка/main/components/bitrix/news/news-section/lang/en'
2015-11-25 22:53:32: Создана Папка 'C:/Users/Osipov Valentin/Desktop/Новая папка/main/components/bitrix/news/news-section/lang/ru'
2015-11-25 22:53:32: Создана Папка 'C:/Users/Osipov Valentin/Desktop/Новая папка/main/components/bitrix/news.detail'
2015-11-25 22:53:32: Создана Папка 'C:/Users/Osipov Valentin/Desktop/Новая папка/main/components/bitrix/news.detail/news-detail'
2015-11-25 22:53:32: Создана Папка 'C:/Users/Osipov Valentin/Desktop/Новая папка/main/components/bitrix/news.detail/news-detail/lang'
2015-11-25 22:53:32: Создана Папка 'C:/Users/Osipov Valentin/Desktop/Новая папка/main/components/bitrix/news.detail/news-detail/lang/en'
2015-11-25 22:53:32: Создана Папка 'C:/Users/Osipov Valentin/Desktop/Новая папка/main/components/bitrix/news.detail/news-detail/lang/ru'
2015-11-25 22:53:32: Создана Папка 'C:/Users/Osipov Valentin/Desktop/Новая папка/main/components/bitrix/news.list'
2015-11-25 22:53:32: Создана Папка 'C:/Users/Osipov Valentin/Desktop/Новая папка/main/components/bitrix/news.list/commentaries'
2015-11-25 22:53:32: Создана Папка 'C:/Users/Osipov Valentin/Desktop/Новая папка/main/components/bitrix/news.list/commentaries/lang'
2015-11-25 22:53:32: Создана Папка 'C:/Users/Osipov Valentin/Desktop/Новая папка/main/components/bitrix/news.list/commentaries/lang/en'
2015-11-25 22:53:32: Создана Папка 'C:/Users/Osipov Valentin/Desktop/Новая папка/main/components/bitrix/news.list/commentaries/lang/ru'
2015-11-25 22:53:32: Создана Папка 'C:/Users/Osipov Valentin/Desktop/Новая папка/main/components/bitrix/news.list/main-features'
2015-11-25 22:53:32: Создана Папка 'C:/Users/Osipov Valentin/Desktop/Новая папка/main/components/bitrix/news.list/main-features/lang'
2015-11-25 22:53:32: Создана Папка 'C:/Users/Osipov Valentin/Desktop/Новая папка/main/components/bitrix/news.list/main-features/lang/en'
2015-11-25 22:53:32: Создана Папка 'C:/Users/Osipov Valentin/Desktop/Новая папка/main/components/bitrix/news.list/main-features/lang/ru'
2015-11-25 22:53:32: Создана Папка 'C:/Users/Osipov Valentin/Desktop/Новая папка/main/components/bitrix/news.list/main-flats'
2015-11-25 22:53:32: Создана Папка 'C:/Users/Osipov Valentin/Desktop/Новая папка/main/components/bitrix/news.list/main-flats/lang'
2015-11-25 22:53:32: Создана Папка 'C:/Users/Osipov Valentin/Desktop/Новая папка/main/components/bitrix/news.list/main-flats/lang/en'
2015-11-25 22:53:32: Создана Папка 'C:/Users/Osipov Valentin/Desktop/Новая папка/main/components/bitrix/news.list/main-flats/lang/ru'
2015-11-25 22:53:32: Создана Папка 'C:/Users/Osipov Valentin/Desktop/Новая папка/main/components/bitrix/news.list/main-news'
2015-11-25 22:53:32: Создана Папка 'C:/Users/Osipov Valentin/Desktop/Новая папка/main/components/bitrix/news.list/main-news/lang'
2015-11-25 22:53:32: Создана Папка 'C:/Users/Osipov Valentin/Desktop/Новая папка/main/components/bitrix/news.list/main-news/lang/en'
2015-11-25 22:53:32: Создана Папка 'C:/Users/Osipov Valentin/Desktop/Новая папка/main/components/bitrix/news.list/main-news/lang/ru'
2015-11-25 22:53:32: Создана Папка 'C:/Users/Osipov Valentin/Desktop/Новая папка/main/components/bitrix/news.list/main-slider'
2015-11-25 22:53:32: Создана Папка 'C:/Users/Osipov Valentin/Desktop/Новая папка/main/components/bitrix/news.list/main-slider/lang'
2015-11-25 22:53:32: Создана Папка 'C:/Users/Osipov Valentin/Desktop/Новая папка/main/components/bitrix/news.list/main-slider/lang/en'
2015-11-25 22:53:32: Создана Папка 'C:/Users/Osipov Valentin/Desktop/Новая папка/main/components/bitrix/news.list/main-slider/lang/ru'
2015-11-25 22:53:32: Создана Папка 'C:/Users/Osipov Valentin/Desktop/Новая папка/main/favicons'
2015-11-25 22:53:32: Создана Папка 'C:/Users/Osipov Valentin/Desktop/Новая папка/main/fonts'
2015-11-25 22:53:32: Создана Папка 'C:/Users/Osipov Valentin/Desktop/Новая папка/main/images'
2015-11-25 22:53:32: Создана Папка 'C:/Users/Osipov Valentin/Desktop/Новая папка/main/js'
2015-11-25 22:53:32: Создана Папка 'C:/Users/Osipov Valentin/Desktop/Новая папка/main/js/animate'
2015-11-25 22:53:32: Создана Папка 'C:/Users/Osipov Valentin/Desktop/Новая папка/main/js/custompopup'
2015-11-25 22:53:32: Создана Папка 'C:/Users/Osipov Valentin/Desktop/Новая папка/main/js/fancybox'
2015-11-25 22:53:32: Создана Папка 'C:/Users/Osipov Valentin/Desktop/Новая папка/main/js/fancybox/demo'
2015-11-25 22:53:32: Создана Папка 'C:/Users/Osipov Valentin/Desktop/Новая папка/main/js/fancybox/lib'
2015-11-25 22:53:32: Создана Папка 'C:/Users/Osipov Valentin/Desktop/Новая папка/main/js/fancybox/source'
2015-11-25 22:53:32: Создана Папка 'C:/Users/Osipov Valentin/Desktop/Новая папка/main/js/fancybox/source/helpers'
2015-11-25 22:53:32: Создана Папка 'C:/Users/Osipov Valentin/Desktop/Новая папка/main/js/jcarousel'
2015-11-25 22:53:32: Создана Папка 'C:/Users/Osipov Valentin/Desktop/Новая папка/main/js/jquery'
2015-11-25 22:53:32: Создана Папка 'C:/Users/Osipov Valentin/Desktop/Новая папка/main/js/jquery/css'
2015-11-25 22:53:32: Создана Папка 'C:/Users/Osipov Valentin/Desktop/Новая папка/main/js/jquery/css/sunny'
2015-11-25 22:53:32: Создана Папка 'C:/Users/Osipov Valentin/Desktop/Новая папка/main/js/jquery/css/sunny/images'
2015-11-25 22:53:32: Создана Папка 'C:/Users/Osipov Valentin/Desktop/Новая папка/main/js/jquery/js'
2015-11-25 22:53:32: Создана Папка 'C:/Users/Osipov Valentin/Desktop/Новая папка/main/main'
2015-11-25 22:53:32: Создана Папка 'C:/Users/Osipov Valentin/Desktop/Новая папка/main/main/system.auth'
2015-11-25 22:53:32: Создана Папка 'C:/Users/Osipov Valentin/Desktop/Новая папка/main/main/system.auth/flat'
2015-11-25 22:53:32: Скопирован новый 'ftp://apart72.serv02.cdscompany.ru/bitrix/templates/.default/ajax/ajax.css' -> 'C:/Users/Osipov Valentin/Desktop/Новая папка/.default/ajax/ajax.css'
2015-11-25 22:53:33: Скопирован новый 'ftp://apart72.serv02.cdscompany.ru/bitrix/templates/.default/ajax/ajax.min.css' -> 'C:/Users/Osipov Valentin/Desktop/Новая папка/.default/ajax/ajax.min.css'
2015-11-25 22:53:33: Скопирован новый 'ftp://apart72.serv02.cdscompany.ru/bitrix/templates/.default/ajax/images/shadow.gif' -> 'C:/Users/Osipov Valentin/Desktop/Новая папка/.default/ajax/images/shadow.gif'
2015-11-25 22:53:33: Скопирован новый 'ftp://apart72.serv02.cdscompany.ru/bitrix/templates/.default/ajax/images/wait.gif' -> 'C:/Users/Osipov Valentin/Desktop/Новая папка/.default/ajax/images/wait.gif'
2015-11-25 22:53:33: Скопирован новый 'ftp://apart72.serv02.cdscompany.ru/bitrix/templates/.default/description.php' -> 'C:/Users/Osipov Valentin/Desktop/Новая папка/.default/description.php'
2015-11-25 22:53:34: Скопирован новый 'ftp://apart72.serv02.cdscompany.ru/bitrix/templates/.default/footer.php' -> 'C:/Users/Osipov Valentin/Desktop/Новая папка/.default/footer.php'
2015-11-25 22:53:34: Скопирован новый 'ftp://apart72.serv02.cdscompany.ru/bitrix/templates/.default/header.php' -> 'C:/Users/Osipov Valentin/Desktop/Новая папка/.default/header.php'
2015-11-25 22:53:34: Скопирован новый 'ftp://apart72.serv02.cdscompany.ru/bitrix/templates/.default/lang/en/description.php' -> 'C:/Users/Osipov Valentin/Desktop/Новая папка/.default/lang/en/description.php'
2015-11-25 22:53:35: Скопирован новый 'ftp://apart72.serv02.cdscompany.ru/bitrix/templates/.default/lang/en/header.php' -> 'C:/Users/Osipov Valentin/Desktop/Новая папка/.default/lang/en/header.php'
2015-11-25 22:53:35: Скопирован новый 'ftp://apart72.serv02.cdscompany.ru/bitrix/templates/.default/lang/en/page_templates/.content.php' -> 'C:/Users/Osipov Valentin/Desktop/Новая папка/.default/lang/en/page_templates/.content.php'
2015-11-25 22:53:35: Скопирован новый 'ftp://apart72.serv02.cdscompany.ru/bitrix/templates/.default/lang/ru/description.php' -> 'C:/Users/Osipov Valentin/Desktop/Новая папка/.default/lang/ru/description.php'
2015-11-25 22:53:35: Скопирован новый 'ftp://apart72.serv02.cdscompany.ru/bitrix/templates/.default/lang/ru/header.php' -> 'C:/Users/Osipov Valentin/Desktop/Новая папка/.default/lang/ru/header.php'
2015-11-25 22:53:36: Скопирован новый 'ftp://apart72.serv02.cdscompany.ru/bitrix/templates/.default/lang/ru/page_templates/.content.php' -> 'C:/Users/Osipov Valentin/Desktop/Новая папка/.default/lang/ru/page_templates/.content.php'
2015-11-25 22:53:36: Скопирован новый 'ftp://apart72.serv02.cdscompany.ru/bitrix/templates/.default/page_templates/.content.php' -> 'C:/Users/Osipov Valentin/Desktop/Новая папка/.default/page_templates/.content.php'
2015-11-25 22:53:36: Скопирован новый 'ftp://apart72.serv02.cdscompany.ru/bitrix/templates/.default/page_templates/standard.php' -> 'C:/Users/Osipov Valentin/Desktop/Новая папка/.default/page_templates/standard.php'
2015-11-25 22:53:37: Скопирован новый 'ftp://apart72.serv02.cdscompany.ru/bitrix/templates/main/.styles.php' -> 'C:/Users/Osipov Valentin/Desktop/Новая папка/main/.styles.php'
2015-11-25 22:53:37: Скопирован новый 'ftp://apart72.serv02.cdscompany.ru/bitrix/templates/main/components/bitrix/catalog.section.list/flat-menu/.parameters.php' -> 'C:/Users/Osipov Valentin/Desktop/Новая папка/main/components/bitrix/catalog.section.list/flat-menu/.parameters.php'
2015-11-25 22:53:37: Скопирован новый 'ftp://apart72.serv02.cdscompany.ru/bitrix/templates/main/components/bitrix/catalog.section.list/flat-menu/images/line-empty.png' -> 'C:/Users/Osipov Valentin/Desktop/Новая папка/main/components/bitrix/catalog.section.list/flat-menu/images/line-empty.png'
2015-11-25 22:53:38: Скопирован новый 'ftp://apart72.serv02.cdscompany.ru/bitrix/templates/main/components/bitrix/catalog.section.list/flat-menu/images/tile-empty.png' -> 'C:/Users/Osipov Valentin/Desktop/Новая папка/main/components/bitrix/catalog.section.list/flat-menu/images/tile-empty.png'
2015-11-25 22:53:38: Скопирован новый 'ftp://apart72.serv02.cdscompany.ru/bitrix/templates/main/components/bitrix/catalog.section.list/flat-menu/lang/en/.parameters.php' -> 'C:/Users/Osipov Valentin/Desktop/Новая папка/main/components/bitrix/catalog.section.list/flat-menu/lang/en/.parameters.php'
2015-11-25 22:53:38: Скопирован новый 'ftp://apart72.serv02.cdscompany.ru/bitrix/templates/main/components/bitrix/catalog.section.list/flat-menu/lang/en/template.php' -> 'C:/Users/Osipov Valentin/Desktop/Новая папка/main/components/bitrix/catalog.section.list/flat-menu/lang/en/template.php'
2015-11-25 22:53:38: Скопирован новый 'ftp://apart72.serv02.cdscompany.ru/bitrix/templates/main/components/bitrix/catalog.section.list/flat-menu/lang/ru/.parameters.php' -> 'C:/Users/Osipov Valentin/Desktop/Новая папка/main/components/bitrix/catalog.section.list/flat-menu/lang/ru/.parameters.php'
2015-11-25 22:53:39: Скопирован новый 'ftp://apart72.serv02.cdscompany.ru/bitrix/templates/main/components/bitrix/catalog.section.list/flat-menu/lang/ru/template.php' -> 'C:/Users/Osipov Valentin/Desktop/Новая папка/main/components/bitrix/catalog.section.list/flat-menu/lang/ru/template.php'
2015-11-25 22:53:39: Скопирован новый 'ftp://apart72.serv02.cdscompany.ru/bitrix/templates/main/components/bitrix/catalog.section.list/flat-menu/result_modifier.php' -> 'C:/Users/Osipov Valentin/Desktop/Новая папка/main/components/bitrix/catalog.section.list/flat-menu/result_modifier.php'
2015-11-25 22:53:39: Скопирован новый 'ftp://apart72.serv02.cdscompany.ru/bitrix/templates/main/components/bitrix/catalog.section.list/flat-menu/style.css' -> 'C:/Users/Osipov Valentin/Desktop/Новая папка/main/components/bitrix/catalog.section.list/flat-menu/style.css'
2015-11-25 22:53:40: Скопирован новый 'ftp://apart72.serv02.cdscompany.ru/bitrix/templates/main/components/bitrix/catalog.section.list/flat-menu/template.php' -> 'C:/Users/Osipov Valentin/Desktop/Новая папка/main/components/bitrix/catalog.section.list/flat-menu/template.php'
2015-11-25 22:53:40: Скопирован новый 'ftp://apart72.serv02.cdscompany.ru/bitrix/templates/main/components/bitrix/iblock.element.add.form/comment-form/lang/en/template.php' -> 'C:/Users/Osipov Valentin/Desktop/Новая папка/main/components/bitrix/iblock.element.add.form/comment-form/lang/en/template.php'
2015-11-25 22:53:40: Скопирован новый 'ftp://apart72.serv02.cdscompany.ru/bitrix/templates/main/components/bitrix/iblock.element.add.form/comment-form/lang/ru/template.php' -> 'C:/Users/Osipov Valentin/Desktop/Новая папка/main/components/bitrix/iblock.element.add.form/comment-form/lang/ru/template.php'
2015-11-25 22:53:40: Скопирован новый 'ftp://apart72.serv02.cdscompany.ru/bitrix/templates/main/components/bitrix/iblock.element.add.form/comment-form/template.php' -> 'C:/Users/Osipov Valentin/Desktop/Новая папка/main/components/bitrix/iblock.element.add.form/comment-form/template.php'
2015-11-25 22:53:41: Скопирован новый 'ftp://apart72.serv02.cdscompany.ru/bitrix/templates/main/components/bitrix/menu/primary-menu/.description.php' -> 'C:/Users/Osipov Valentin/Desktop/Новая папка/main/components/bitrix/menu/primary-menu/.description.php'
2015-11-25 22:53:41: Скопирован новый 'ftp://apart72.serv02.cdscompany.ru/bitrix/templates/main/components/bitrix/menu/primary-menu/images/left_menu_bg.gif' -> 'C:/Users/Osipov Valentin/Desktop/Новая папка/main/components/bitrix/menu/primary-menu/images/left_menu_bg.gif'
2015-11-25 22:53:41: Скопирован новый 'ftp://apart72.serv02.cdscompany.ru/bitrix/templates/main/components/bitrix/menu/primary-menu/lang/en/.description.php' -> 'C:/Users/Osipov Valentin/Desktop/Новая папка/main/components/bitrix/menu/primary-menu/lang/en/.description.php'
2015-11-25 22:53:42: Скопирован новый 'ftp://apart72.serv02.cdscompany.ru/bitrix/templates/main/components/bitrix/menu/primary-menu/lang/ru/.description.php' -> 'C:/Users/Osipov Valentin/Desktop/Новая папка/main/components/bitrix/menu/primary-menu/lang/ru/.description.php'
2015-11-25 22:53:42: Скопирован новый 'ftp://apart72.serv02.cdscompany.ru/bitrix/templates/main/components/bitrix/menu/primary-menu/style.css' -> 'C:/Users/Osipov Valentin/Desktop/Новая папка/main/components/bitrix/menu/primary-menu/style.css'
2015-11-25 22:53:42: Скопирован новый 'ftp://apart72.serv02.cdscompany.ru/bitrix/templates/main/components/bitrix/menu/primary-menu/style.min.css' -> 'C:/Users/Osipov Valentin/Desktop/Новая папка/main/components/bitrix/menu/primary-menu/style.min.css'
2015-11-25 22:53:43: Скопирован новый 'ftp://apart72.serv02.cdscompany.ru/bitrix/templates/main/components/bitrix/menu/primary-menu/template.php' -> 'C:/Users/Osipov Valentin/Desktop/Новая папка/main/components/bitrix/menu/primary-menu/template.php'
2015-11-25 22:53:43: Скопирован новый 'ftp://apart72.serv02.cdscompany.ru/bitrix/templates/main/components/bitrix/news/flats/.parameters.php' -> 'C:/Users/Osipov Valentin/Desktop/Новая папка/main/components/bitrix/news/flats/.parameters.php'
2015-11-25 22:53:43: Скопирован новый 'ftp://apart72.serv02.cdscompany.ru/bitrix/templates/main/components/bitrix/news/flats/bitrix/catalog.filter/.default/lang/en/template.php' -> 'C:/Users/Osipov Valentin/Desktop/Новая папка/main/components/bitrix/news/flats/bitrix/catalog.filter/.default/lang/en/template.php'
2015-11-25 22:53:43: Скопирован новый 'ftp://apart72.serv02.cdscompany.ru/bitrix/templates/main/components/bitrix/news/flats/bitrix/catalog.filter/.default/lang/ru/template.php' -> 'C:/Users/Osipov Valentin/Desktop/Новая папка/main/components/bitrix/news/flats/bitrix/catalog.filter/.default/lang/ru/template.php'
2015-11-25 22:53:44: Скопирован новый 'ftp://apart72.serv02.cdscompany.ru/bitrix/templates/main/components/bitrix/news/flats/bitrix/catalog.filter/.default/template.php' -> 'C:/Users/Osipov Valentin/Desktop/Новая папка/main/components/bitrix/news/flats/bitrix/catalog.filter/.default/template.php'
2015-11-25 22:53:44: Скопирован новый 'ftp://apart72.serv02.cdscompany.ru/bitrix/templates/main/components/bitrix/news/flats/bitrix/forum.topic.reviews/.default/component_epilog.php' -> 'C:/Users/Osipov Valentin/Desktop/Новая папка/main/components/bitrix/news/flats/bitrix/forum.topic.reviews/.default/component_epilog.php'
2015-11-25 22:53:44: Скопирован новый 'ftp://apart72.serv02.cdscompany.ru/bitrix/templates/main/components/bitrix/news/flats/bitrix/forum.topic.reviews/.default/form.php' -> 'C:/Users/Osipov Valentin/Desktop/Новая папка/main/components/bitrix/news/flats/bitrix/forum.topic.reviews/.default/form.php'
2015-11-25 22:53:45: Скопирован новый 'ftp://apart72.serv02.cdscompany.ru/bitrix/templates/main/components/bitrix/news/flats/bitrix/forum.topic.reviews/.default/images/close.gif' -> 'C:/Users/Osipov Valentin/Desktop/Новая папка/main/components/bitrix/news/flats/bitrix/forum.topic.reviews/.default/images/close.gif'
2015-11-25 22:53:45: Скопирован новый 'ftp://apart72.serv02.cdscompany.ru/bitrix/templates/main/components/bitrix/news/flats/bitrix/forum.topic.reviews/.default/images/font_quote.gif' -> 'C:/Users/Osipov Valentin/Desktop/Новая папка/main/components/bitrix/news/flats/bitrix/forum.topic.reviews/.default/images/font_quote.gif'
2015-11-25 22:53:45: Скопирован новый 'ftp://apart72.serv02.cdscompany.ru/bitrix/templates/main/components/bitrix/news/flats/bitrix/forum.topic.reviews/.default/images/noavatar.gif' -> 'C:/Users/Osipov Valentin/Desktop/Новая папка/main/components/bitrix/news/flats/bitrix/forum.topic.reviews/.default/images/noavatar.gif'
2015-11-25 22:53:45: Скопирован новый 'ftp://apart72.serv02.cdscompany.ru/bitrix/templates/main/components/bitrix/news/flats/bitrix/forum.topic.reviews/.default/images/postform/add.gif' -> 'C:/Users/Osipov Valentin/Desktop/Новая папка/main/components/bitrix/news/flats/bitrix/forum.topic.reviews/.default/images/postform/add.gif'
2015-11-25 22:53:46: Скопирован новый 'ftp://apart72.serv02.cdscompany.ru/bitrix/templates/main/components/bitrix/news/flats/bitrix/forum.topic.reviews/.default/images/postform/add_button.gif' -> 'C:/Users/Osipov Valentin/Desktop/Новая папка/main/components/bitrix/news/flats/bitrix/forum.topic.reviews/.default/images/postform/add_button.gif'
2015-11-25 22:53:46: Скопирован новый 'ftp://apart72.serv02.cdscompany.ru/bitrix/templates/main/components/bitrix/news/flats/bitrix/forum.topic.reviews/.default/images/postform/cut.gif' -> 'C:/Users/Osipov Valentin/Desktop/Новая папка/main/components/bitrix/news/flats/bitrix/forum.topic.reviews/.default/images/postform/cut.gif'
2015-11-25 22:53:46: Скопирован новый 'ftp://apart72.serv02.cdscompany.ru/bitrix/templates/main/components/bitrix/news/flats/bitrix/forum.topic.reviews/.default/images/postform/delete.gif' -> 'C:/Users/Osipov Valentin/Desktop/Новая папка/main/components/bitrix/news/flats/bitrix/forum.topic.reviews/.default/images/postform/delete.gif'
2015-11-25 22:53:47: Скопирован новый 'ftp://apart72.serv02.cdscompany.ru/bitrix/templates/main/components/bitrix/news/flats/bitrix/forum.topic.reviews/.default/images/postform/edit.gif' -> 'C:/Users/Osipov Valentin/Desktop/Новая папка/main/components/bitrix/news/flats/bitrix/forum.topic.reviews/.default/images/postform/edit.gif'
2015-11-25 22:53:47: Скопирован новый 'ftp://apart72.serv02.cdscompany.ru/bitrix/templates/main/components/bitrix/news/flats/bitrix/forum.topic.reviews/.default/images/postform/font_bold.gif' -> 'C:/Users/Osipov Valentin/Desktop/Новая папка/main/components/bitrix/news/flats/bitrix/forum.topic.reviews/.default/images/postform/font_bold.gif'
2015-11-25 22:53:47: Скопирован новый 'ftp://apart72.serv02.cdscompany.ru/bitrix/templates/main/components/bitrix/news/flats/bitrix/forum.topic.reviews/.default/images/postform/font_code.gif' -> 'C:/Users/Osipov Valentin/Desktop/Новая папка/main/components/bitrix/news/flats/bitrix/forum.topic.reviews/.default/images/postform/font_code.gif'
2015-11-25 22:53:47: Скопирован новый 'ftp://apart72.serv02.cdscompany.ru/bitrix/templates/main/components/bitrix/news/flats/bitrix/forum.topic.reviews/.default/images/postform/font_color.gif' -> 'C:/Users/Osipov Valentin/Desktop/Новая папка/main/components/bitrix/news/flats/bitrix/forum.topic.reviews/.default/images/postform/font_color.gif'
2015-11-25 22:53:48: Скопирован новый 'ftp://apart72.serv02.cdscompany.ru/bitrix/templates/main/components/bitrix/news/flats/bitrix/forum.topic.reviews/.default/images/postform/font_image.gif' -> 'C:/Users/Osipov Valentin/Desktop/Новая папка/main/components/bitrix/news/flats/bitrix/forum.topic.reviews/.default/images/postform/font_image.gif'
2015-11-25 22:53:48: Скопирован новый 'ftp://apart72.serv02.cdscompany.ru/bitrix/templates/main/components/bitrix/news/flats/bitrix/forum.topic.reviews/.default/images/postform/font_italic.gif' -> 'C:/Users/Osipov Valentin/Desktop/Новая папка/main/components/bitrix/news/flats/bitrix/forum.topic.reviews/.default/images/postform/font_italic.gif'
2015-11-25 22:53:48: Скопирован новый 'ftp://apart72.serv02.cdscompany.ru/bitrix/templates/main/components/bitrix/news/flats/bitrix/forum.topic.reviews/.default/images/postform/font_link.gif' -> 'C:/Users/Osipov Valentin/Desktop/Новая папка/main/components/bitrix/news/flats/bitrix/forum.topic.reviews/.default/images/postform/font_link.gif'
2015-11-25 22:53:49: Скопирован новый 'ftp://apart72.serv02.cdscompany.ru/bitrix/templates/main/components/bitrix/news/flats/bitrix/forum.topic.reviews/.default/images/postform/font_list.gif' -> 'C:/Users/Osipov Valentin/Desktop/Новая папка/main/components/bitrix/news/flats/bitrix/forum.topic.reviews/.default/images/postform/font_list.gif'
2015-11-25 22:53:49: Скопирован новый 'ftp://apart72.serv02.cdscompany.ru/bitrix/templates/main/components/bitrix/news/flats/bitrix/forum.topic.reviews/.default/images/postform/font_quote.gif' -> 'C:/Users/Osipov Valentin/Desktop/Новая папка/main/components/bitrix/news/flats/bitrix/forum.topic.reviews/.default/images/postform/font_quote.gif'
2015-11-25 22:53:49: Скопирован новый 'ftp://apart72.serv02.cdscompany.ru/bitrix/templates/main/components/bitrix/news/flats/bitrix/forum.topic.reviews/.default/images/postform/font_translit.gif' -> 'C:/Users/Osipov Valentin/Desktop/Новая папка/main/components/bitrix/news/flats/bitrix/forum.topic.reviews/.default/images/postform/font_translit.gif'
2015-11-25 22:53:50: Скопирован новый 'ftp://apart72.serv02.cdscompany.ru/bitrix/templates/main/components/bitrix/news/flats/bitrix/forum.topic.reviews/.default/images/postform/font_underline.gif' -> 'C:/Users/Osipov Valentin/Desktop/Новая папка/main/components/bitrix/news/flats/bitrix/forum.topic.reviews/.default/images/postform/font_underline.gif'
2015-11-25 22:53:50: Скопирован новый 'ftp://apart72.serv02.cdscompany.ru/bitrix/templates/main/components/bitrix/news/flats/bitrix/forum.topic.reviews/.default/images/postform/image.gif' -> 'C:/Users/Osipov Valentin/Desktop/Новая папка/main/components/bitrix/news/flats/bitrix/forum.topic.reviews/.default/images/postform/image.gif'
2015-11-25 22:53:50: Скопирован новый 'ftp://apart72.serv02.cdscompany.ru/bitrix/templates/main/components/bitrix/news/flats/bitrix/forum.topic.reviews/.default/images/postform/shadow.png' -> 'C:/Users/Osipov Valentin/Desktop/Новая папка/main/components/bitrix/news/flats/bitrix/forum.topic.reviews/.default/images/postform/shadow.png'
2015-11-25 22:53:50: Скопирован новый 'ftp://apart72.serv02.cdscompany.ru/bitrix/templates/main/components/bitrix/news/flats/bitrix/forum.topic.reviews/.default/images/postform/toolbarbg.gif' -> 'C:/Users/Osipov Valentin/Desktop/Новая папка/main/components/bitrix/news/flats/bitrix/forum.topic.reviews/.default/images/postform/toolbarbg.gif'
2015-11-25 22:53:51: Скопирован новый 'ftp://apart72.serv02.cdscompany.ru/bitrix/templates/main/components/bitrix/news/flats/bitrix/forum.topic.reviews/.default/images/postform/video.gif' -> 'C:/Users/Osipov Valentin/Desktop/Новая папка/main/components/bitrix/news/flats/bitrix/forum.topic.reviews/.default/images/postform/video.gif'
2015-11-25 22:53:51: Скопирован новый 'ftp://apart72.serv02.cdscompany.ru/bitrix/templates/main/components/bitrix/news/flats/bitrix/forum.topic.reviews/.default/lang/en/template.php' -> 'C:/Users/Osipov Valentin/Desktop/Новая папка/main/components/bitrix/news/flats/bitrix/forum.topic.reviews/.default/lang/en/template.php'
2015-11-25 22:53:51: Скопирован новый 'ftp://apart72.serv02.cdscompany.ru/bitrix/templates/main/components/bitrix/news/flats/bitrix/forum.topic.reviews/.default/lang/ru/template.php' -> 'C:/Users/Osipov Valentin/Desktop/Новая папка/main/components/bitrix/news/flats/bitrix/forum.topic.reviews/.default/lang/ru/template.php'
2015-11-25 22:53:52: Скопирован новый 'ftp://apart72.serv02.cdscompany.ru/bitrix/templates/main/components/bitrix/news/flats/bitrix/forum.topic.reviews/.default/result_modifier.php' -> 'C:/Users/Osipov Valentin/Desktop/Новая папка/main/components/bitrix/news/flats/bitrix/forum.topic.reviews/.default/result_modifier.php'
2015-11-25 22:53:52: Скопирован новый 'ftp://apart72.serv02.cdscompany.ru/bitrix/templates/main/components/bitrix/news/flats/bitrix/forum.topic.reviews/.default/ru/script.php' -> 'C:/Users/Osipov Valentin/Desktop/Новая папка/main/components/bitrix/news/flats/bitrix/forum.topic.reviews/.default/ru/script.php'
2015-11-25 22:53:52: Скопирован новый 'ftp://apart72.serv02.cdscompany.ru/bitrix/templates/main/components/bitrix/news/flats/bitrix/forum.topic.reviews/.default/script.js' -> 'C:/Users/Osipov Valentin/Desktop/Новая папка/main/components/bitrix/news/flats/bitrix/forum.topic.reviews/.default/script.js'
2015-11-25 22:53:52: Скопирован новый 'ftp://apart72.serv02.cdscompany.ru/bitrix/templates/main/components/bitrix/news/flats/bitrix/forum.topic.reviews/.default/style.css' -> 'C:/Users/Osipov Valentin/Desktop/Новая папка/main/components/bitrix/news/flats/bitrix/forum.topic.reviews/.default/style.css'
2015-11-25 22:53:53: Скопирован новый 'ftp://apart72.serv02.cdscompany.ru/bitrix/templates/main/components/bitrix/news/flats/bitrix/forum.topic.reviews/.default/template.php' -> 'C:/Users/Osipov Valentin/Desktop/Новая папка/main/components/bitrix/news/flats/bitrix/forum.topic.reviews/.default/template.php'
2015-11-25 22:53:53: Скопирован новый 'ftp://apart72.serv02.cdscompany.ru/bitrix/templates/main/components/bitrix/news/flats/bitrix/iblock.vote/.default/lang/en/template.php' -> 'C:/Users/Osipov Valentin/Desktop/Новая папка/main/components/bitrix/news/flats/bitrix/iblock.vote/.default/lang/en/template.php'
2015-11-25 22:53:54: Скопирован новый 'ftp://apart72.serv02.cdscompany.ru/bitrix/templates/main/components/bitrix/news/flats/bitrix/iblock.vote/.default/lang/ru/template.php' -> 'C:/Users/Osipov Valentin/Desktop/Новая папка/main/components/bitrix/news/flats/bitrix/iblock.vote/.default/lang/ru/template.php'
2015-11-25 22:53:54: Скопирован новый 'ftp://apart72.serv02.cdscompany.ru/bitrix/templates/main/components/bitrix/news/flats/bitrix/iblock.vote/.default/template.php' -> 'C:/Users/Osipov Valentin/Desktop/Новая папка/main/components/bitrix/news/flats/bitrix/iblock.vote/.default/template.php'
2015-11-25 22:53:54: Скопирован новый 'ftp://apart72.serv02.cdscompany.ru/bitrix/templates/main/components/bitrix/news/flats/bitrix/iblock.vote/ajax/images/empty.gif' -> 'C:/Users/Osipov Valentin/Desktop/Новая папка/main/components/bitrix/news/flats/bitrix/iblock.vote/ajax/images/empty.gif'
2015-11-25 22:53:55: Скопирован новый 'ftp://apart72.serv02.cdscompany.ru/bitrix/templates/main/components/bitrix/news/flats/bitrix/iblock.vote/ajax/images/over.gif' -> 'C:/Users/Osipov Valentin/Desktop/Новая папка/main/components/bitrix/news/flats/bitrix/iblock.vote/ajax/images/over.gif'
2015-11-25 22:53:55: Скопирован новый 'ftp://apart72.serv02.cdscompany.ru/bitrix/templates/main/components/bitrix/news/flats/bitrix/iblock.vote/ajax/images/voted.gif' -> 'C:/Users/Osipov Valentin/Desktop/Новая папка/main/components/bitrix/news/flats/bitrix/iblock.vote/ajax/images/voted.gif'
2015-11-25 22:53:55: Скопирован новый 'ftp://apart72.serv02.cdscompany.ru/bitrix/templates/main/components/bitrix/news/flats/bitrix/iblock.vote/ajax/lang/en/template.php' -> 'C:/Users/Osipov Valentin/Desktop/Новая папка/main/components/bitrix/news/flats/bitrix/iblock.vote/ajax/lang/en/template.php'
2015-11-25 22:53:55: Скопирован новый 'ftp://apart72.serv02.cdscompany.ru/bitrix/templates/main/components/bitrix/news/flats/bitrix/iblock.vote/ajax/lang/ru/template.php' -> 'C:/Users/Osipov Valentin/Desktop/Новая папка/main/components/bitrix/news/flats/bitrix/iblock.vote/ajax/lang/ru/template.php'
2015-11-25 22:53:56: Скопирован новый 'ftp://apart72.serv02.cdscompany.ru/bitrix/templates/main/components/bitrix/news/flats/bitrix/iblock.vote/ajax/result_modifier.php' -> 'C:/Users/Osipov Valentin/Desktop/Новая папка/main/components/bitrix/news/flats/bitrix/iblock.vote/ajax/result_modifier.php'
2015-11-25 22:53:56: Скопирован новый 'ftp://apart72.serv02.cdscompany.ru/bitrix/templates/main/components/bitrix/news/flats/bitrix/iblock.vote/ajax/style.css' -> 'C:/Users/Osipov Valentin/Desktop/Новая папка/main/components/bitrix/news/flats/bitrix/iblock.vote/ajax/style.css'
2015-11-25 22:53:56: Скопирован новый 'ftp://apart72.serv02.cdscompany.ru/bitrix/templates/main/components/bitrix/news/flats/bitrix/iblock.vote/ajax/template.php' -> 'C:/Users/Osipov Valentin/Desktop/Новая папка/main/components/bitrix/news/flats/bitrix/iblock.vote/ajax/template.php'
2015-11-25 22:53:57: Скопирован новый 'ftp://apart72.serv02.cdscompany.ru/bitrix/templates/main/components/bitrix/news/flats/bitrix/news.detail/.default/.parameters.php' -> 'C:/Users/Osipov Valentin/Desktop/Новая папка/main/components/bitrix/news/flats/bitrix/news.detail/.default/.parameters.php'
2015-11-25 22:53:57: Скопирован новый 'ftp://apart72.serv02.cdscompany.ru/bitrix/templates/main/components/bitrix/news/flats/bitrix/news.detail/.default/lang/en/.parameters.php' -> 'C:/Users/Osipov Valentin/Desktop/Новая папка/main/components/bitrix/news/flats/bitrix/news.detail/.default/lang/en/.parameters.php'
2015-11-25 22:53:57: Скопирован новый 'ftp://apart72.serv02.cdscompany.ru/bitrix/templates/main/components/bitrix/news/flats/bitrix/news.detail/.default/lang/en/template.php' -> 'C:/Users/Osipov Valentin/Desktop/Новая папка/main/components/bitrix/news/flats/bitrix/news.detail/.default/lang/en/template.php'
2015-11-25 22:53:57: Скопирован новый 'ftp://apart72.serv02.cdscompany.ru/bitrix/templates/main/components/bitrix/news/flats/bitrix/news.detail/.default/lang/ru/.parameters.php' -> 'C:/Users/Osipov Valentin/Desktop/Новая папка/main/components/bitrix/news/flats/bitrix/news.detail/.default/lang/ru/.parameters.php'
2015-11-25 22:53:58: Скопирован новый 'ftp://apart72.serv02.cdscompany.ru/bitrix/templates/main/components/bitrix/news/flats/bitrix/news.detail/.default/lang/ru/template.php' -> 'C:/Users/Osipov Valentin/Desktop/Новая папка/main/components/bitrix/news/flats/bitrix/news.detail/.default/lang/ru/template.php'
2015-11-25 22:53:58: Скопирован новый 'ftp://apart72.serv02.cdscompany.ru/bitrix/templates/main/components/bitrix/news/flats/bitrix/news.detail/.default/style.css' -> 'C:/Users/Osipov Valentin/Desktop/Новая папка/main/components/bitrix/news/flats/bitrix/news.detail/.default/style.css'
2015-11-25 22:53:58: Скопирован новый 'ftp://apart72.serv02.cdscompany.ru/bitrix/templates/main/components/bitrix/news/flats/bitrix/news.detail/.default/template.php' -> 'C:/Users/Osipov Valentin/Desktop/Новая папка/main/components/bitrix/news/flats/bitrix/news.detail/.default/template.php'
2015-11-25 22:53:59: Скопирован новый 'ftp://apart72.serv02.cdscompany.ru/bitrix/templates/main/components/bitrix/news/flats/bitrix/news.index/.default/template.php' -> 'C:/Users/Osipov Valentin/Desktop/Новая папка/main/components/bitrix/news/flats/bitrix/news.index/.default/template.php'
2015-11-25 22:53:59: Скопирован новый 'ftp://apart72.serv02.cdscompany.ru/bitrix/templates/main/components/bitrix/news/flats/bitrix/news.list/.default/.parameters.php' -> 'C:/Users/Osipov Valentin/Desktop/Новая папка/main/components/bitrix/news/flats/bitrix/news.list/.default/.parameters.php'
2015-11-25 22:53:59: Скопирован новый 'ftp://apart72.serv02.cdscompany.ru/bitrix/templates/main/components/bitrix/news/flats/bitrix/news.list/.default/lang/en/.parameters.php' -> 'C:/Users/Osipov Valentin/Desktop/Новая папка/main/components/bitrix/news/flats/bitrix/news.list/.default/lang/en/.parameters.php'
2015-11-25 22:53:59: Скопирован новый 'ftp://apart72.serv02.cdscompany.ru/bitrix/templates/main/components/bitrix/news/flats/bitrix/news.list/.default/lang/en/template.php' -> 'C:/Users/Osipov Valentin/Desktop/Новая папка/main/components/bitrix/news/flats/bitrix/news.list/.default/lang/en/template.php'
2015-11-25 22:54:00: Скопирован новый 'ftp://apart72.serv02.cdscompany.ru/bitrix/templates/main/components/bitrix/news/flats/bitrix/news.list/.default/lang/ru/.parameters.php' -> 'C:/Users/Osipov Valentin/Desktop/Новая папка/main/components/bitrix/news/flats/bitrix/news.list/.default/lang/ru/.parameters.php'
2015-11-25 22:54:00: Скопирован новый 'ftp://apart72.serv02.cdscompany.ru/bitrix/templates/main/components/bitrix/news/flats/bitrix/news.list/.default/lang/ru/template.php' -> 'C:/Users/Osipov Valentin/Desktop/Новая папка/main/components/bitrix/news/flats/bitrix/news.list/.default/lang/ru/template.php'
2015-11-25 22:54:00: Скопирован новый 'ftp://apart72.serv02.cdscompany.ru/bitrix/templates/main/components/bitrix/news/flats/bitrix/news.list/.default/style.css' -> 'C:/Users/Osipov Valentin/Desktop/Новая папка/main/components/bitrix/news/flats/bitrix/news.list/.default/style.css'
2015-11-25 22:54:01: Скопирован новый 'ftp://apart72.serv02.cdscompany.ru/bitrix/templates/main/components/bitrix/news/flats/bitrix/news.list/.default/template.php' -> 'C:/Users/Osipov Valentin/Desktop/Новая папка/main/components/bitrix/news/flats/bitrix/news.list/.default/template.php'
2015-11-25 22:54:01: Скопирован новый 'ftp://apart72.serv02.cdscompany.ru/bitrix/templates/main/components/bitrix/news/flats/bitrix/news.list/list/template.php' -> 'C:/Users/Osipov Valentin/Desktop/Новая папка/main/components/bitrix/news/flats/bitrix/news.list/list/template.php'
2015-11-25 22:54:01: Скопирован новый 'ftp://apart72.serv02.cdscompany.ru/bitrix/templates/main/components/bitrix/news/flats/bitrix/news.list/photo/template.php' -> 'C:/Users/Osipov Valentin/Desktop/Новая папка/main/components/bitrix/news/flats/bitrix/news.list/photo/template.php'
2015-11-25 22:54:02: Скопирован новый 'ftp://apart72.serv02.cdscompany.ru/bitrix/templates/main/components/bitrix/news/flats/bitrix/rss.out/.default/lang/en/template.php' -> 'C:/Users/Osipov Valentin/Desktop/Новая папка/main/components/bitrix/news/flats/bitrix/rss.out/.default/lang/en/template.php'
2015-11-25 22:54:02: Скопирован новый 'ftp://apart72.serv02.cdscompany.ru/bitrix/templates/main/components/bitrix/news/flats/bitrix/rss.out/.default/lang/ru/template.php' -> 'C:/Users/Osipov Valentin/Desktop/Новая папка/main/components/bitrix/news/flats/bitrix/rss.out/.default/lang/ru/template.php'
2015-11-25 22:54:02: Скопирован новый 'ftp://apart72.serv02.cdscompany.ru/bitrix/templates/main/components/bitrix/news/flats/bitrix/rss.out/.default/template.php' -> 'C:/Users/Osipov Valentin/Desktop/Новая папка/main/components/bitrix/news/flats/bitrix/rss.out/.default/template.php'
2015-11-25 22:54:02: Скопирован новый 'ftp://apart72.serv02.cdscompany.ru/bitrix/templates/main/components/bitrix/news/flats/bitrix/search.form/flat/lang/en/template.php' -> 'C:/Users/Osipov Valentin/Desktop/Новая папка/main/components/bitrix/news/flats/bitrix/search.form/flat/lang/en/template.php'
2015-11-25 22:54:03: Скопирован новый 'ftp://apart72.serv02.cdscompany.ru/bitrix/templates/main/components/bitrix/news/flats/bitrix/search.form/flat/lang/ru/template.php' -> 'C:/Users/Osipov Valentin/Desktop/Новая папка/main/components/bitrix/news/flats/bitrix/search.form/flat/lang/ru/template.php'
2015-11-25 22:54:03: Скопирован новый 'ftp://apart72.serv02.cdscompany.ru/bitrix/templates/main/components/bitrix/news/flats/bitrix/search.form/flat/template.php' -> 'C:/Users/Osipov Valentin/Desktop/Новая папка/main/components/bitrix/news/flats/bitrix/search.form/flat/template.php'
2015-11-25 22:54:03: Скопирован новый 'ftp://apart72.serv02.cdscompany.ru/bitrix/templates/main/components/bitrix/news/flats/bitrix/search.page/.default/chain_template.php' -> 'C:/Users/Osipov Valentin/Desktop/Новая папка/main/components/bitrix/news/flats/bitrix/search.page/.default/chain_template.php'
2015-11-25 22:54:04: Скопирован новый 'ftp://apart72.serv02.cdscompany.ru/bitrix/templates/main/components/bitrix/news/flats/bitrix/search.page/.default/lang/en/template.php' -> 'C:/Users/Osipov Valentin/Desktop/Новая папка/main/components/bitrix/news/flats/bitrix/search.page/.default/lang/en/template.php'
2015-11-25 22:54:04: Скопирован новый 'ftp://apart72.serv02.cdscompany.ru/bitrix/templates/main/components/bitrix/news/flats/bitrix/search.page/.default/lang/ru/template.php' -> 'C:/Users/Osipov Valentin/Desktop/Новая папка/main/components/bitrix/news/flats/bitrix/search.page/.default/lang/ru/template.php'
2015-11-25 22:54:04: Скопирован новый 'ftp://apart72.serv02.cdscompany.ru/bitrix/templates/main/components/bitrix/news/flats/bitrix/search.page/.default/style.css' -> 'C:/Users/Osipov Valentin/Desktop/Новая папка/main/components/bitrix/news/flats/bitrix/search.page/.default/style.css'
2015-11-25 22:54:04: Скопирован новый 'ftp://apart72.serv02.cdscompany.ru/bitrix/templates/main/components/bitrix/news/flats/bitrix/search.page/.default/style.min.css' -> 'C:/Users/Osipov Valentin/Desktop/Новая папка/main/components/bitrix/news/flats/bitrix/search.page/.default/style.min.css'
2015-11-25 22:54:05: Скопирован новый 'ftp://apart72.serv02.cdscompany.ru/bitrix/templates/main/components/bitrix/news/flats/bitrix/search.page/.default/template.php' -> 'C:/Users/Osipov Valentin/Desktop/Новая папка/main/components/bitrix/news/flats/bitrix/search.page/.default/template.php'
2015-11-25 22:54:05: Скопирован новый 'ftp://apart72.serv02.cdscompany.ru/bitrix/templates/main/components/bitrix/news/flats/detail.php' -> 'C:/Users/Osipov Valentin/Desktop/Новая папка/main/components/bitrix/news/flats/detail.php'
2015-11-25 22:54:05: Скопирован новый 'ftp://apart72.serv02.cdscompany.ru/bitrix/templates/main/components/bitrix/news/flats/images/gif-dark/feed-icon-10x10.gif' -> 'C:/Users/Osipov Valentin/Desktop/Новая папка/main/components/bitrix/news/flats/images/gif-dark/feed-icon-10x10.gif'
2015-11-25 22:54:06: Скопирован новый 'ftp://apart72.serv02.cdscompany.ru/bitrix/templates/main/components/bitrix/news/flats/images/gif-dark/feed-icon-12x12.gif' -> 'C:/Users/Osipov Valentin/Desktop/Новая папка/main/components/bitrix/news/flats/images/gif-dark/feed-icon-12x12.gif'
2015-11-25 22:54:06: Скопирован новый 'ftp://apart72.serv02.cdscompany.ru/bitrix/templates/main/components/bitrix/news/flats/images/gif-dark/feed-icon-16x16.gif' -> 'C:/Users/Osipov Valentin/Desktop/Новая папка/main/components/bitrix/news/flats/images/gif-dark/feed-icon-16x16.gif'
2015-11-25 22:54:06: Скопирован новый 'ftp://apart72.serv02.cdscompany.ru/bitrix/templates/main/components/bitrix/news/flats/images/gif-dark/feed-icon-24x24.gif' -> 'C:/Users/Osipov Valentin/Desktop/Новая папка/main/components/bitrix/news/flats/images/gif-dark/feed-icon-24x24.gif'
2015-11-25 22:54:06: Скопирован новый 'ftp://apart72.serv02.cdscompany.ru/bitrix/templates/main/components/bitrix/news/flats/images/gif-dark/feed-icon-32x32.gif' -> 'C:/Users/Osipov Valentin/Desktop/Новая папка/main/components/bitrix/news/flats/images/gif-dark/feed-icon-32x32.gif'
2015-11-25 22:54:07: Скопирован новый 'ftp://apart72.serv02.cdscompany.ru/bitrix/templates/main/components/bitrix/news/flats/images/gif-light/feed-icon-10x10.gif' -> 'C:/Users/Osipov Valentin/Desktop/Новая папка/main/components/bitrix/news/flats/images/gif-light/feed-icon-10x10.gif'
2015-11-25 22:54:07: Скопирован новый 'ftp://apart72.serv02.cdscompany.ru/bitrix/templates/main/components/bitrix/news/flats/images/gif-light/feed-icon-12x12.gif' -> 'C:/Users/Osipov Valentin/Desktop/Новая папка/main/components/bitrix/news/flats/images/gif-light/feed-icon-12x12.gif'
2015-11-25 22:54:07: Скопирован новый 'ftp://apart72.serv02.cdscompany.ru/bitrix/templates/main/components/bitrix/news/flats/images/gif-light/feed-icon-16x16.gif' -> 'C:/Users/Osipov Valentin/Desktop/Новая папка/main/components/bitrix/news/flats/images/gif-light/feed-icon-16x16.gif'
2015-11-25 22:54:08: Скопирован новый 'ftp://apart72.serv02.cdscompany.ru/bitrix/templates/main/components/bitrix/news/flats/images/gif-light/feed-icon-24x24.gif' -> 'C:/Users/Osipov Valentin/Desktop/Новая папка/main/components/bitrix/news/flats/images/gif-light/feed-icon-24x24.gif'
2015-11-25 22:54:08: Скопирован новый 'ftp://apart72.serv02.cdscompany.ru/bitrix/templates/main/components/bitrix/news/flats/images/gif-light/feed-icon-32x32.gif' -> 'C:/Users/Osipov Valentin/Desktop/Новая папка/main/components/bitrix/news/flats/images/gif-light/feed-icon-32x32.gif'
2015-11-25 22:54:08: Скопирован новый 'ftp://apart72.serv02.cdscompany.ru/bitrix/templates/main/components/bitrix/news/flats/images/jpg-black/feed-icon-10x10.jpg' -> 'C:/Users/Osipov Valentin/Desktop/Новая папка/main/components/bitrix/news/flats/images/jpg-black/feed-icon-10x10.jpg'
2015-11-25 22:54:08: Скопирован новый 'ftp://apart72.serv02.cdscompany.ru/bitrix/templates/main/components/bitrix/news/flats/images/jpg-black/feed-icon-12x12.jpg' -> 'C:/Users/Osipov Valentin/Desktop/Новая папка/main/components/bitrix/news/flats/images/jpg-black/feed-icon-12x12.jpg'
2015-11-25 22:54:09: Скопирован новый 'ftp://apart72.serv02.cdscompany.ru/bitrix/templates/main/components/bitrix/news/flats/images/jpg-black/feed-icon-16x16.jpg' -> 'C:/Users/Osipov Valentin/Desktop/Новая папка/main/components/bitrix/news/flats/images/jpg-black/feed-icon-16x16.jpg'
2015-11-25 22:54:09: Скопирован новый 'ftp://apart72.serv02.cdscompany.ru/bitrix/templates/main/components/bitrix/news/flats/images/jpg-black/feed-icon-24x24.jpg' -> 'C:/Users/Osipov Valentin/Desktop/Новая папка/main/components/bitrix/news/flats/images/jpg-black/feed-icon-24x24.jpg'
2015-11-25 22:54:09: Скопирован новый 'ftp://apart72.serv02.cdscompany.ru/bitrix/templates/main/components/bitrix/news/flats/images/jpg-black/feed-icon-32x32.jpg' -> 'C:/Users/Osipov Valentin/Desktop/Новая папка/main/components/bitrix/news/flats/images/jpg-black/feed-icon-32x32.jpg'
2015-11-25 22:54:09: Скопирован новый 'ftp://apart72.serv02.cdscompany.ru/bitrix/templates/main/components/bitrix/news/flats/images/jpg-white/feed-icon-10x10.jpg' -> 'C:/Users/Osipov Valentin/Desktop/Новая папка/main/components/bitrix/news/flats/images/jpg-white/feed-icon-10x10.jpg'
2015-11-25 22:54:10: Скопирован новый 'ftp://apart72.serv02.cdscompany.ru/bitrix/templates/main/components/bitrix/news/flats/images/jpg-white/feed-icon-12x12.jpg' -> 'C:/Users/Osipov Valentin/Desktop/Новая папка/main/components/bitrix/news/flats/images/jpg-white/feed-icon-12x12.jpg'
2015-11-25 22:54:10: Скопирован новый 'ftp://apart72.serv02.cdscompany.ru/bitrix/templates/main/components/bitrix/news/flats/images/jpg-white/feed-icon-16x16.jpg' -> 'C:/Users/Osipov Valentin/Desktop/Новая папка/main/components/bitrix/news/flats/images/jpg-white/feed-icon-16x16.jpg'
2015-11-25 22:54:10: Скопирован новый 'ftp://apart72.serv02.cdscompany.ru/bitrix/templates/main/components/bitrix/news/flats/images/jpg-white/feed-icon-24x24.jpg' -> 'C:/Users/Osipov Valentin/Desktop/Новая папка/main/components/bitrix/news/flats/images/jpg-white/feed-icon-24x24.jpg'
2015-11-25 22:54:11: Скопирован новый 'ftp://apart72.serv02.cdscompany.ru/bitrix/templates/main/components/bitrix/news/flats/images/jpg-white/feed-icon-32x32.jpg' -> 'C:/Users/Osipov Valentin/Desktop/Новая папка/main/components/bitrix/news/flats/images/jpg-white/feed-icon-32x32.jpg'
2015-11-25 22:54:11: Скопирован новый 'ftp://apart72.serv02.cdscompany.ru/bitrix/templates/main/components/bitrix/news/flats/images/png/feed-icon-10x10.png' -> 'C:/Users/Osipov Valentin/Desktop/Новая папка/main/components/bitrix/news/flats/images/png/feed-icon-10x10.png'
2015-11-25 22:54:11: Скопирован новый 'ftp://apart72.serv02.cdscompany.ru/bitrix/templates/main/components/bitrix/news/flats/images/png/feed-icon-12x12.png' -> 'C:/Users/Osipov Valentin/Desktop/Новая папка/main/components/bitrix/news/flats/images/png/feed-icon-12x12.png'
2015-11-25 22:54:11: Скопирован новый 'ftp://apart72.serv02.cdscompany.ru/bitrix/templates/main/components/bitrix/news/flats/images/png/feed-icon-14x14.png' -> 'C:/Users/Osipov Valentin/Desktop/Новая папка/main/components/bitrix/news/flats/images/png/feed-icon-14x14.png'
2015-11-25 22:54:12: Скопирован новый 'ftp://apart72.serv02.cdscompany.ru/bitrix/templates/main/components/bitrix/news/flats/images/png/feed-icon-16x16.png' -> 'C:/Users/Osipov Valentin/Desktop/Новая папка/main/components/bitrix/news/flats/images/png/feed-icon-16x16.png'
2015-11-25 22:54:12: Скопирован новый 'ftp://apart72.serv02.cdscompany.ru/bitrix/templates/main/components/bitrix/news/flats/images/png/feed-icon-24x24.png' -> 'C:/Users/Osipov Valentin/Desktop/Новая папка/main/components/bitrix/news/flats/images/png/feed-icon-24x24.png'
2015-11-25 22:54:12: Скопирован новый 'ftp://apart72.serv02.cdscompany.ru/bitrix/templates/main/components/bitrix/news/flats/images/png/feed-icon-32x32.png' -> 'C:/Users/Osipov Valentin/Desktop/Новая папка/main/components/bitrix/news/flats/images/png/feed-icon-32x32.png'
2015-11-25 22:54:13: Скопирован новый 'ftp://apart72.serv02.cdscompany.ru/bitrix/templates/main/components/bitrix/news/flats/lang/en/.parameters.php' -> 'C:/Users/Osipov Valentin/Desktop/Новая папка/main/components/bitrix/news/flats/lang/en/.parameters.php'
2015-11-25 22:54:13: Скопирован новый 'ftp://apart72.serv02.cdscompany.ru/bitrix/templates/main/components/bitrix/news/flats/lang/en/detail.php' -> 'C:/Users/Osipov Valentin/Desktop/Новая папка/main/components/bitrix/news/flats/lang/en/detail.php'
2015-11-25 22:54:13: Скопирован новый 'ftp://apart72.serv02.cdscompany.ru/bitrix/templates/main/components/bitrix/news/flats/lang/en/news.php' -> 'C:/Users/Osipov Valentin/Desktop/Новая папка/main/components/bitrix/news/flats/lang/en/news.php'
2015-11-25 22:54:13: Скопирован новый 'ftp://apart72.serv02.cdscompany.ru/bitrix/templates/main/components/bitrix/news/flats/lang/en/search.php' -> 'C:/Users/Osipov Valentin/Desktop/Новая папка/main/components/bitrix/news/flats/lang/en/search.php'
2015-11-25 22:54:14: Скопирован новый 'ftp://apart72.serv02.cdscompany.ru/bitrix/templates/main/components/bitrix/news/flats/lang/en/section.php' -> 'C:/Users/Osipov Valentin/Desktop/Новая папка/main/components/bitrix/news/flats/lang/en/section.php'
2015-11-25 22:54:14: Скопирован новый 'ftp://apart72.serv02.cdscompany.ru/bitrix/templates/main/components/bitrix/news/flats/lang/ru/.parameters.php' -> 'C:/Users/Osipov Valentin/Desktop/Новая папка/main/components/bitrix/news/flats/lang/ru/.parameters.php'
2015-11-25 22:54:14: Скопирован новый 'ftp://apart72.serv02.cdscompany.ru/bitrix/templates/main/components/bitrix/news/flats/lang/ru/detail.php' -> 'C:/Users/Osipov Valentin/Desktop/Новая папка/main/components/bitrix/news/flats/lang/ru/detail.php'
2015-11-25 22:54:15: Скопирован новый 'ftp://apart72.serv02.cdscompany.ru/bitrix/templates/main/components/bitrix/news/flats/lang/ru/news.php' -> 'C:/Users/Osipov Valentin/Desktop/Новая папка/main/components/bitrix/news/flats/lang/ru/news.php'
2015-11-25 22:54:15: Скопирован новый 'ftp://apart72.serv02.cdscompany.ru/bitrix/templates/main/components/bitrix/news/flats/lang/ru/search.php' -> 'C:/Users/Osipov Valentin/Desktop/Новая папка/main/components/bitrix/news/flats/lang/ru/search.php'
2015-11-25 22:54:15: Скопирован новый 'ftp://apart72.serv02.cdscompany.ru/bitrix/templates/main/components/bitrix/news/flats/lang/ru/section.php' -> 'C:/Users/Osipov Valentin/Desktop/Новая папка/main/components/bitrix/news/flats/lang/ru/section.php'
2015-11-25 22:54:15: Скопирован новый 'ftp://apart72.serv02.cdscompany.ru/bitrix/templates/main/components/bitrix/news/flats/news.php' -> 'C:/Users/Osipov Valentin/Desktop/Новая папка/main/components/bitrix/news/flats/news.php'
2015-11-25 22:54:16: Скопирован новый 'ftp://apart72.serv02.cdscompany.ru/bitrix/templates/main/components/bitrix/news/flats/rss.php' -> 'C:/Users/Osipov Valentin/Desktop/Новая папка/main/components/bitrix/news/flats/rss.php'
2015-11-25 22:54:16: Скопирован новый 'ftp://apart72.serv02.cdscompany.ru/bitrix/templates/main/components/bitrix/news/flats/rss_section.php' -> 'C:/Users/Osipov Valentin/Desktop/Новая папка/main/components/bitrix/news/flats/rss_section.php'
2015-11-25 22:54:16: Скопирован новый 'ftp://apart72.serv02.cdscompany.ru/bitrix/templates/main/components/bitrix/news/flats/search.php' -> 'C:/Users/Osipov Valentin/Desktop/Новая папка/main/components/bitrix/news/flats/search.php'
2015-11-25 22:54:16: Скопирован новый 'ftp://apart72.serv02.cdscompany.ru/bitrix/templates/main/components/bitrix/news/flats/section.php' -> 'C:/Users/Osipov Valentin/Desktop/Новая папка/main/components/bitrix/news/flats/section.php'
2015-11-25 22:54:17: Скопирован новый 'ftp://apart72.serv02.cdscompany.ru/bitrix/templates/main/components/bitrix/news/news-section/.parameters.php' -> 'C:/Users/Osipov Valentin/Desktop/Новая папка/main/components/bitrix/news/news-section/.parameters.php'
2015-11-25 22:54:17: Скопирован новый 'ftp://apart72.serv02.cdscompany.ru/bitrix/templates/main/components/bitrix/news/news-section/bitrix/catalog.filter/.default/lang/en/template.php' -> 'C:/Users/Osipov Valentin/Desktop/Новая папка/main/components/bitrix/news/news-section/bitrix/catalog.filter/.default/lang/en/template.php'
2015-11-25 22:54:17: Скопирован новый 'ftp://apart72.serv02.cdscompany.ru/bitrix/templates/main/components/bitrix/news/news-section/bitrix/catalog.filter/.default/lang/ru/template.php' -> 'C:/Users/Osipov Valentin/Desktop/Новая папка/main/components/bitrix/news/news-section/bitrix/catalog.filter/.default/lang/ru/template.php'
2015-11-25 22:54:18: Скопирован новый 'ftp://apart72.serv02.cdscompany.ru/bitrix/templates/main/components/bitrix/news/news-section/bitrix/catalog.filter/.default/template.php' -> 'C:/Users/Osipov Valentin/Desktop/Новая папка/main/components/bitrix/news/news-section/bitrix/catalog.filter/.default/template.php'
2015-11-25 22:54:18: Скопирован новый 'ftp://apart72.serv02.cdscompany.ru/bitrix/templates/main/components/bitrix/news/news-section/bitrix/forum.topic.reviews/.default/component_epilog.php' -> 'C:/Users/Osipov Valentin/Desktop/Новая папка/main/components/bitrix/news/news-section/bitrix/forum.topic.reviews/.default/component_epilog.php'
2015-11-25 22:54:18: Скопирован новый 'ftp://apart72.serv02.cdscompany.ru/bitrix/templates/main/components/bitrix/news/news-section/bitrix/forum.topic.reviews/.default/form.php' -> 'C:/Users/Osipov Valentin/Desktop/Новая папка/main/components/bitrix/news/news-section/bitrix/forum.topic.reviews/.default/form.php'
2015-11-25 22:54:19: Скопирован новый 'ftp://apart72.serv02.cdscompany.ru/bitrix/templates/main/components/bitrix/news/news-section/bitrix/forum.topic.reviews/.default/images/close.gif' -> 'C:/Users/Osipov Valentin/Desktop/Новая папка/main/components/bitrix/news/news-section/bitrix/forum.topic.reviews/.default/images/close.gif'
2015-11-25 22:54:19: Скопирован новый 'ftp://apart72.serv02.cdscompany.ru/bitrix/templates/main/components/bitrix/news/news-section/bitrix/forum.topic.reviews/.default/images/font_quote.gif' -> 'C:/Users/Osipov Valentin/Desktop/Новая папка/main/components/bitrix/news/news-section/bitrix/forum.topic.reviews/.default/images/font_quote.gif'
2015-11-25 22:54:19: Скопирован новый 'ftp://apart72.serv02.cdscompany.ru/bitrix/templates/main/components/bitrix/news/news-section/bitrix/forum.topic.reviews/.default/images/noavatar.gif' -> 'C:/Users/Osipov Valentin/Desktop/Новая папка/main/components/bitrix/news/news-section/bitrix/forum.topic.reviews/.default/images/noavatar.gif'
2015-11-25 22:54:19: Скопирован новый 'ftp://apart72.serv02.cdscompany.ru/bitrix/templates/main/components/bitrix/news/news-section/bitrix/forum.topic.reviews/.default/images/postform/add.gif' -> 'C:/Users/Osipov Valentin/Desktop/Новая папка/main/components/bitrix/news/news-section/bitrix/forum.topic.reviews/.default/images/postform/add.gif'
2015-11-25 22:54:20: Скопирован новый 'ftp://apart72.serv02.cdscompany.ru/bitrix/templates/main/components/bitrix/news/news-section/bitrix/forum.topic.reviews/.default/images/postform/add_button.gif' -> 'C:/Users/Osipov Valentin/Desktop/Новая папка/main/components/bitrix/news/news-section/bitrix/forum.topic.reviews/.default/images/postform/add_button.gif'
2015-11-25 22:54:20: Скопирован новый 'ftp://apart72.serv02.cdscompany.ru/bitrix/templates/main/components/bitrix/news/news-section/bitrix/forum.topic.reviews/.default/images/postform/cut.gif' -> 'C:/Users/Osipov Valentin/Desktop/Новая папка/main/components/bitrix/news/news-section/bitrix/forum.topic.reviews/.default/images/postform/cut.gif'
2015-11-25 22:54:20: Скопирован новый 'ftp://apart72.serv02.cdscompany.ru/bitrix/templates/main/components/bitrix/news/news-section/bitrix/forum.topic.reviews/.default/images/postform/delete.gif' -> 'C:/Users/Osipov Valentin/Desktop/Новая папка/main/components/bitrix/news/news-section/bitrix/forum.topic.reviews/.default/images/postform/delete.gif'
2015-11-25 22:54:20: Скопирован новый 'ftp://apart72.serv02.cdscompany.ru/bitrix/templates/main/components/bitrix/news/news-section/bitrix/forum.topic.reviews/.default/images/postform/edit.gif' -> 'C:/Users/Osipov Valentin/Desktop/Новая папка/main/components/bitrix/news/news-section/bitrix/forum.topic.reviews/.default/images/postform/edit.gif'
2015-11-25 22:54:21: Скопирован новый 'ftp://apart72.serv02.cdscompany.ru/bitrix/templates/main/components/bitrix/news/news-section/bitrix/forum.topic.reviews/.default/images/postform/font_bold.gif' -> 'C:/Users/Osipov Valentin/Desktop/Новая папка/main/components/bitrix/news/news-section/bitrix/forum.topic.reviews/.default/images/postform/font_bold.gif'
2015-11-25 22:54:21: Скопирован новый 'ftp://apart72.serv02.cdscompany.ru/bitrix/templates/main/components/bitrix/news/news-section/bitrix/forum.topic.reviews/.default/images/postform/font_code.gif' -> 'C:/Users/Osipov Valentin/Desktop/Новая папка/main/components/bitrix/news/news-section/bitrix/forum.topic.reviews/.default/images/postform/font_code.gif'
2015-11-25 22:54:21: Скопирован новый 'ftp://apart72.serv02.cdscompany.ru/bitrix/templates/main/components/bitrix/news/news-section/bitrix/forum.topic.reviews/.default/images/postform/font_color.gif' -> 'C:/Users/Osipov Valentin/Desktop/Новая папка/main/components/bitrix/news/news-section/bitrix/forum.topic.reviews/.default/images/postform/font_color.gif'
2015-11-25 22:54:22: Скопирован новый 'ftp://apart72.serv02.cdscompany.ru/bitrix/templates/main/components/bitrix/news/news-section/bitrix/forum.topic.reviews/.default/images/postform/font_image.gif' -> 'C:/Users/Osipov Valentin/Desktop/Новая папка/main/components/bitrix/news/news-section/bitrix/forum.topic.reviews/.default/images/postform/font_image.gif'
2015-11-25 22:54:22: Скопирован новый 'ftp://apart72.serv02.cdscompany.ru/bitrix/templates/main/components/bitrix/news/news-section/bitrix/forum.topic.reviews/.default/images/postform/font_italic.gif' -> 'C:/Users/Osipov Valentin/Desktop/Новая папка/main/components/bitrix/news/news-section/bitrix/forum.topic.reviews/.default/images/postform/font_italic.gif'
2015-11-25 22:54:22: Скопирован новый 'ftp://apart72.serv02.cdscompany.ru/bitrix/templates/main/components/bitrix/news/news-section/bitrix/forum.topic.reviews/.default/images/postform/font_link.gif' -> 'C:/Users/Osipov Valentin/Desktop/Новая папка/main/components/bitrix/news/news-section/bitrix/forum.topic.reviews/.default/images/postform/font_link.gif'
2015-11-25 22:54:22: Скопирован новый 'ftp://apart72.serv02.cdscompany.ru/bitrix/templates/main/components/bitrix/news/news-section/bitrix/forum.topic.reviews/.default/images/postform/font_list.gif' -> 'C:/Users/Osipov Valentin/Desktop/Новая папка/main/components/bitrix/news/news-section/bitrix/forum.topic.reviews/.default/images/postform/font_list.gif'
2015-11-25 22:54:23: Скопирован новый 'ftp://apart72.serv02.cdscompany.ru/bitrix/templates/main/components/bitrix/news/news-section/bitrix/forum.topic.reviews/.default/images/postform/font_quote.gif' -> 'C:/Users/Osipov Valentin/Desktop/Новая папка/main/components/bitrix/news/news-section/bitrix/forum.topic.reviews/.default/images/postform/font_quote.gif'
2015-11-25 22:54:23: Скопирован новый 'ftp://apart72.serv02.cdscompany.ru/bitrix/templates/main/components/bitrix/news/news-section/bitrix/forum.topic.reviews/.default/images/postform/font_translit.gif' -> 'C:/Users/Osipov Valentin/Desktop/Новая папка/main/components/bitrix/news/news-section/bitrix/forum.topic.reviews/.default/images/postform/font_translit.gif'
2015-11-25 22:54:23: Скопирован новый 'ftp://apart72.serv02.cdscompany.ru/bitrix/templates/main/components/bitrix/news/news-section/bitrix/forum.topic.reviews/.default/images/postform/font_underline.gif' -> 'C:/Users/Osipov Valentin/Desktop/Новая папка/main/components/bitrix/news/news-section/bitrix/forum.topic.reviews/.default/images/postform/font_underline.gif'
2015-11-25 22:54:23: Скопирован новый 'ftp://apart72.serv02.cdscompany.ru/bitrix/templates/main/components/bitrix/news/news-section/bitrix/forum.topic.reviews/.default/images/postform/image.gif' -> 'C:/Users/Osipov Valentin/Desktop/Новая папка/main/components/bitrix/news/news-section/bitrix/forum.topic.reviews/.default/images/postform/image.gif'
2015-11-25 22:54:24: Скопирован новый 'ftp://apart72.serv02.cdscompany.ru/bitrix/templates/main/components/bitrix/news/news-section/bitrix/forum.topic.reviews/.default/images/postform/shadow.png' -> 'C:/Users/Osipov Valentin/Desktop/Новая папка/main/components/bitrix/news/news-section/bitrix/forum.topic.reviews/.default/images/postform/shadow.png'
2015-11-25 22:54:24: Скопирован новый 'ftp://apart72.serv02.cdscompany.ru/bitrix/templates/main/components/bitrix/news/news-section/bitrix/forum.topic.reviews/.default/images/postform/toolbarbg.gif' -> 'C:/Users/Osipov Valentin/Desktop/Новая папка/main/components/bitrix/news/news-section/bitrix/forum.topic.reviews/.default/images/postform/toolbarbg.gif'
2015-11-25 22:54:24: Скопирован новый 'ftp://apart72.serv02.cdscompany.ru/bitrix/templates/main/components/bitrix/news/news-section/bitrix/forum.topic.reviews/.default/images/postform/video.gif' -> 'C:/Users/Osipov Valentin/Desktop/Новая папка/main/components/bitrix/news/news-section/bitrix/forum.topic.reviews/.default/images/postform/video.gif'
2015-11-25 22:54:25: Скопирован новый 'ftp://apart72.serv02.cdscompany.ru/bitrix/templates/main/components/bitrix/news/news-section/bitrix/forum.topic.reviews/.default/lang/en/template.php' -> 'C:/Users/Osipov Valentin/Desktop/Новая папка/main/components/bitrix/news/news-section/bitrix/forum.topic.reviews/.default/lang/en/template.php'
2015-11-25 22:54:26: Скопирован новый 'ftp://apart72.serv02.cdscompany.ru/bitrix/templates/main/components/bitrix/news/news-section/bitrix/forum.topic.reviews/.default/lang/ru/template.php' -> 'C:/Users/Osipov Valentin/Desktop/Новая папка/main/components/bitrix/news/news-section/bitrix/forum.topic.reviews/.default/lang/ru/template.php'
2015-11-25 22:54:26: Скопирован новый 'ftp://apart72.serv02.cdscompany.ru/bitrix/templates/main/components/bitrix/news/news-section/bitrix/forum.topic.reviews/.default/result_modifier.php' -> 'C:/Users/Osipov Valentin/Desktop/Новая папка/main/components/bitrix/news/news-section/bitrix/forum.topic.reviews/.default/result_modifier.php'
2015-11-25 22:54:26: Скопирован новый 'ftp://apart72.serv02.cdscompany.ru/bitrix/templates/main/components/bitrix/news/news-section/bitrix/forum.topic.reviews/.default/ru/script.php' -> 'C:/Users/Osipov Valentin/Desktop/Новая папка/main/components/bitrix/news/news-section/bitrix/forum.topic.reviews/.default/ru/script.php'
2015-11-25 22:54:27: Скопирован новый 'ftp://apart72.serv02.cdscompany.ru/bitrix/templates/main/components/bitrix/news/news-section/bitrix/forum.topic.reviews/.default/script.js' -> 'C:/Users/Osipov Valentin/Desktop/Новая папка/main/components/bitrix/news/news-section/bitrix/forum.topic.reviews/.default/script.js'
2015-11-25 22:54:27: Скопирован новый 'ftp://apart72.serv02.cdscompany.ru/bitrix/templates/main/components/bitrix/news/news-section/bitrix/forum.topic.reviews/.default/style.css' -> 'C:/Users/Osipov Valentin/Desktop/Новая папка/main/components/bitrix/news/news-section/bitrix/forum.topic.reviews/.default/style.css'
2015-11-25 22:54:27: Скопирован новый 'ftp://apart72.serv02.cdscompany.ru/bitrix/templates/main/components/bitrix/news/news-section/bitrix/forum.topic.reviews/.default/template.php' -> 'C:/Users/Osipov Valentin/Desktop/Новая папка/main/components/bitrix/news/news-section/bitrix/forum.topic.reviews/.default/template.php'
2015-11-25 22:54:27: Скопирован новый 'ftp://apart72.serv02.cdscompany.ru/bitrix/templates/main/components/bitrix/news/news-section/bitrix/iblock.vote/.default/lang/en/template.php' -> 'C:/Users/Osipov Valentin/Desktop/Новая папка/main/components/bitrix/news/news-section/bitrix/iblock.vote/.default/lang/en/template.php'
2015-11-25 22:54:28: Скопирован новый 'ftp://apart72.serv02.cdscompany.ru/bitrix/templates/main/components/bitrix/news/news-section/bitrix/iblock.vote/.default/lang/ru/template.php' -> 'C:/Users/Osipov Valentin/Desktop/Новая папка/main/components/bitrix/news/news-section/bitrix/iblock.vote/.default/lang/ru/template.php'
2015-11-25 22:54:28: Скопирован новый 'ftp://apart72.serv02.cdscompany.ru/bitrix/templates/main/components/bitrix/news/news-section/bitrix/iblock.vote/.default/template.php' -> 'C:/Users/Osipov Valentin/Desktop/Новая папка/main/components/bitrix/news/news-section/bitrix/iblock.vote/.default/template.php'
2015-11-25 22:54:28: Скопирован новый 'ftp://apart72.serv02.cdscompany.ru/bitrix/templates/main/components/bitrix/news/news-section/bitrix/iblock.vote/ajax/images/empty.gif' -> 'C:/Users/Osipov Valentin/Desktop/Новая папка/main/components/bitrix/news/news-section/bitrix/iblock.vote/ajax/images/empty.gif'
2015-11-25 22:54:29: Скопирован новый 'ftp://apart72.serv02.cdscompany.ru/bitrix/templates/main/components/bitrix/news/news-section/bitrix/iblock.vote/ajax/images/over.gif' -> 'C:/Users/Osipov Valentin/Desktop/Новая папка/main/components/bitrix/news/news-section/bitrix/iblock.vote/ajax/images/over.gif'
2015-11-25 22:54:29: Скопирован новый 'ftp://apart72.serv02.cdscompany.ru/bitrix/templates/main/components/bitrix/news/news-section/bitrix/iblock.vote/ajax/images/voted.gif' -> 'C:/Users/Osipov Valentin/Desktop/Новая папка/main/components/bitrix/news/news-section/bitrix/iblock.vote/ajax/images/voted.gif'
2015-11-25 22:54:29: Скопирован новый 'ftp://apart72.serv02.cdscompany.ru/bitrix/templates/main/components/bitrix/news/news-section/bitrix/iblock.vote/ajax/lang/en/template.php' -> 'C:/Users/Osipov Valentin/Desktop/Новая папка/main/components/bitrix/news/news-section/bitrix/iblock.vote/ajax/lang/en/template.php'
2015-11-25 22:54:29: Скопирован новый 'ftp://apart72.serv02.cdscompany.ru/bitrix/templates/main/components/bitrix/news/news-section/bitrix/iblock.vote/ajax/lang/ru/template.php' -> 'C:/Users/Osipov Valentin/Desktop/Новая папка/main/components/bitrix/news/news-section/bitrix/iblock.vote/ajax/lang/ru/template.php'
2015-11-25 22:54:30: Скопирован новый 'ftp://apart72.serv02.cdscompany.ru/bitrix/templates/main/components/bitrix/news/news-section/bitrix/iblock.vote/ajax/result_modifier.php' -> 'C:/Users/Osipov Valentin/Desktop/Новая папка/main/components/bitrix/news/news-section/bitrix/iblock.vote/ajax/result_modifier.php'
2015-11-25 22:54:30: Скопирован новый 'ftp://apart72.serv02.cdscompany.ru/bitrix/templates/main/components/bitrix/news/news-section/bitrix/iblock.vote/ajax/style.css' -> 'C:/Users/Osipov Valentin/Desktop/Новая папка/main/components/bitrix/news/news-section/bitrix/iblock.vote/ajax/style.css'
2015-11-25 22:54:30: Скопирован новый 'ftp://apart72.serv02.cdscompany.ru/bitrix/templates/main/components/bitrix/news/news-section/bitrix/iblock.vote/ajax/template.php' -> 'C:/Users/Osipov Valentin/Desktop/Новая папка/main/components/bitrix/news/news-section/bitrix/iblock.vote/ajax/template.php'
2015-11-25 22:54:31: Скопирован новый 'ftp://apart72.serv02.cdscompany.ru/bitrix/templates/main/components/bitrix/news/news-section/bitrix/news.detail/.default/.parameters.php' -> 'C:/Users/Osipov Valentin/Desktop/Новая папка/main/components/bitrix/news/news-section/bitrix/news.detail/.default/.parameters.php'
2015-11-25 22:54:31: Скопирован новый 'ftp://apart72.serv02.cdscompany.ru/bitrix/templates/main/components/bitrix/news/news-section/bitrix/news.detail/.default/lang/en/.parameters.php' -> 'C:/Users/Osipov Valentin/Desktop/Новая папка/main/components/bitrix/news/news-section/bitrix/news.detail/.default/lang/en/.parameters.php'
2015-11-25 22:54:31: Скопирован новый 'ftp://apart72.serv02.cdscompany.ru/bitrix/templates/main/components/bitrix/news/news-section/bitrix/news.detail/.default/lang/en/template.php' -> 'C:/Users/Osipov Valentin/Desktop/Новая папка/main/components/bitrix/news/news-section/bitrix/news.detail/.default/lang/en/template.php'
2015-11-25 22:54:31: Скопирован новый 'ftp://apart72.serv02.cdscompany.ru/bitrix/templates/main/components/bitrix/news/news-section/bitrix/news.detail/.default/lang/ru/.parameters.php' -> 'C:/Users/Osipov Valentin/Desktop/Новая папка/main/components/bitrix/news/news-section/bitrix/news.detail/.default/lang/ru/.parameters.php'
2015-11-25 22:54:32: Скопирован новый 'ftp://apart72.serv02.cdscompany.ru/bitrix/templates/main/components/bitrix/news/news-section/bitrix/news.detail/.default/lang/ru/template.php' -> 'C:/Users/Osipov Valentin/Desktop/Новая папка/main/components/bitrix/news/news-section/bitrix/news.detail/.default/lang/ru/template.php'
2015-11-25 22:54:32: Скопирован новый 'ftp://apart72.serv02.cdscompany.ru/bitrix/templates/main/components/bitrix/news/news-section/bitrix/news.detail/.default/style.css' -> 'C:/Users/Osipov Valentin/Desktop/Новая папка/main/components/bitrix/news/news-section/bitrix/news.detail/.default/style.css'
2015-11-25 22:54:32: Скопирован новый 'ftp://apart72.serv02.cdscompany.ru/bitrix/templates/main/components/bitrix/news/news-section/bitrix/news.detail/.default/template.php' -> 'C:/Users/Osipov Valentin/Desktop/Новая папка/main/components/bitrix/news/news-section/bitrix/news.detail/.default/template.php'
2015-11-25 22:54:33: Скопирован новый 'ftp://apart72.serv02.cdscompany.ru/bitrix/templates/main/components/bitrix/news/news-section/bitrix/news.index/.default/template.php' -> 'C:/Users/Osipov Valentin/Desktop/Новая папка/main/components/bitrix/news/news-section/bitrix/news.index/.default/template.php'
2015-11-25 22:54:33: Скопирован новый 'ftp://apart72.serv02.cdscompany.ru/bitrix/templates/main/components/bitrix/news/news-section/bitrix/news.list/.default/.parameters.php' -> 'C:/Users/Osipov Valentin/Desktop/Новая папка/main/components/bitrix/news/news-section/bitrix/news.list/.default/.parameters.php'
2015-11-25 22:54:33: Скопирован новый 'ftp://apart72.serv02.cdscompany.ru/bitrix/templates/main/components/bitrix/news/news-section/bitrix/news.list/.default/lang/en/.parameters.php' -> 'C:/Users/Osipov Valentin/Desktop/Новая папка/main/components/bitrix/news/news-section/bitrix/news.list/.default/lang/en/.parameters.php'
2015-11-25 22:54:33: Скопирован новый 'ftp://apart72.serv02.cdscompany.ru/bitrix/templates/main/components/bitrix/news/news-section/bitrix/news.list/.default/lang/en/template.php' -> 'C:/Users/Osipov Valentin/Desktop/Новая папка/main/components/bitrix/news/news-section/bitrix/news.list/.default/lang/en/template.php'
2015-11-25 22:54:34: Скопирован новый 'ftp://apart72.serv02.cdscompany.ru/bitrix/templates/main/components/bitrix/news/news-section/bitrix/news.list/.default/lang/ru/.parameters.php' -> 'C:/Users/Osipov Valentin/Desktop/Новая папка/main/components/bitrix/news/news-section/bitrix/news.list/.default/lang/ru/.parameters.php'
2015-11-25 22:54:34: Скопирован новый 'ftp://apart72.serv02.cdscompany.ru/bitrix/templates/main/components/bitrix/news/news-section/bitrix/news.list/.default/lang/ru/template.php' -> 'C:/Users/Osipov Valentin/Desktop/Новая папка/main/components/bitrix/news/news-section/bitrix/news.list/.default/lang/ru/template.php'
2015-11-25 22:54:34: Скопирован новый 'ftp://apart72.serv02.cdscompany.ru/bitrix/templates/main/components/bitrix/news/news-section/bitrix/news.list/.default/style.css' -> 'C:/Users/Osipov Valentin/Desktop/Новая папка/main/components/bitrix/news/news-section/bitrix/news.list/.default/style.css'
2015-11-25 22:54:35: Скопирован новый 'ftp://apart72.serv02.cdscompany.ru/bitrix/templates/main/components/bitrix/news/news-section/bitrix/news.list/.default/template.php' -> 'C:/Users/Osipov Valentin/Desktop/Новая папка/main/components/bitrix/news/news-section/bitrix/news.list/.default/template.php'
2015-11-25 22:54:35: Скопирован новый 'ftp://apart72.serv02.cdscompany.ru/bitrix/templates/main/components/bitrix/news/news-section/bitrix/news.list/list/template.php' -> 'C:/Users/Osipov Valentin/Desktop/Новая папка/main/components/bitrix/news/news-section/bitrix/news.list/list/template.php'
2015-11-25 22:54:35: Скопирован новый 'ftp://apart72.serv02.cdscompany.ru/bitrix/templates/main/components/bitrix/news/news-section/bitrix/news.list/photo/template.php' -> 'C:/Users/Osipov Valentin/Desktop/Новая папка/main/components/bitrix/news/news-section/bitrix/news.list/photo/template.php'
2015-11-25 22:54:35: Скопирован новый 'ftp://apart72.serv02.cdscompany.ru/bitrix/templates/main/components/bitrix/news/news-section/bitrix/rss.out/.default/lang/en/template.php' -> 'C:/Users/Osipov Valentin/Desktop/Новая папка/main/components/bitrix/news/news-section/bitrix/rss.out/.default/lang/en/template.php'
2015-11-25 22:54:36: 25.11.2015 22:54:36: Приостановлено
2015-11-25 22:54:38: Скопирован новый 'ftp://apart72.serv02.cdscompany.ru/bitrix/templates/main/components/bitrix/news/news-section/bitrix/rss.out/.default/lang/ru/template.php' -> 'C:/Users/Osipov Valentin/Desktop/Новая папка/main/components/bitrix/news/news-section/bitrix/rss.out/.default/lang/ru/template.php'
- ОШИБКА: Error copying file: cannot send RETR/LIST: stopped by Stop By User
2015-11-25 22:54:38: stopped by Stop By User
2015-11-25 22:54:38: 
